Log file open, 07/10/17 13:09:37
LogInit:Display: Running engine for game: Project_Beta1
LogPlatformFile: Not using cached read wrapper
LogInit:Display: RandInit(-1369286942) SRandInit(-1369286942).
LogTaskGraph: Started task graph with 5 named threads and 6 total threads with 1 sets of task threads.
LogStats: Stats thread started at 0.060278
LogPluginManager: Loaded Plugin Paper2D, From C:/Program Files (x86)/Epic Games/4.14/Engine/Plugins/2D/Paper2D/Paper2D.uplugin
LogPluginManager: Loaded Plugin LightPropagationVolume, From C:/Program Files (x86)/Epic Games/4.14/Engine/Plugins/Blendables/LightPropagationVolume/LightPropagationVolume.uplugin
LogPluginManager: Loaded Plugin BlankPlugin, From C:/Program Files (x86)/Epic Games/4.14/Engine/Plugins/Developer/BlankPlugin/BlankPlugin.uplugin
LogPluginManager: Loaded Plugin CodeLiteSourceCodeAccess, From C:/Program Files (x86)/Epic Games/4.14/Engine/Plugins/Developer/CodeLiteSourceCodeAccess/CodeLiteSourceCodeAccess.uplugin
LogPluginManager: Loaded Plugin GitSourceControl, From C:/Program Files (x86)/Epic Games/4.14/Engine/Plugins/Developer/GitSourceControl/GitSourceControl.uplugin
LogPluginManager: Loaded Plugin KDevelopSourceCodeAccess, From C:/Program Files (x86)/Epic Games/4.14/Engine/Plugins/Developer/KDevelopSourceCodeAccess/KDevelopSourceCodeAccess.uplugin
LogPluginManager: Loaded Plugin NullSourceCodeAccess, From C:/Program Files (x86)/Epic Games/4.14/Engine/Plugins/Developer/NullSourceCodeAccess/NullSourceCodeAccess.uplugin
LogPluginManager: Loaded Plugin OneSkyLocalizationService, From C:/Program Files (x86)/Epic Games/4.14/Engine/Plugins/Developer/OneSkyLocalizationService/OneSkyLocalizationService.uplugin
LogPluginManager: Loaded Plugin PerforceSourceControl, From C:/Program Files (x86)/Epic Games/4.14/Engine/Plugins/Developer/PerforceSourceControl/PerforceSourceControl.uplugin
LogPluginManager: Loaded Plugin SubversionSourceControl, From C:/Program Files (x86)/Epic Games/4.14/Engine/Plugins/Developer/SubversionSourceControl/SubversionSourceControl.uplugin
LogPluginManager: Loaded Plugin UObjectPlugin, From C:/Program Files (x86)/Epic Games/4.14/Engine/Plugins/Developer/UObjectPlugin/UObjectPlugin.uplugin
LogPluginManager: Loaded Plugin VisualStudioSourceCodeAccess, From C:/Program Files (x86)/Epic Games/4.14/Engine/Plugins/Developer/VisualStudioSourceCodeAccess/VisualStudioSourceCodeAccess.uplugin
LogPluginManager: Loaded Plugin XCodeSourceCodeAccess, From C:/Program Files (x86)/Epic Games/4.14/Engine/Plugins/Developer/XCodeSourceCodeAccess/XCodeSourceCodeAccess.uplugin
LogPluginManager: Loaded Plugin AudioCapture, From C:/Program Files (x86)/Epic Games/4.14/Engine/Plugins/Editor/AudioCapture/AudioCapture.uplugin
LogPluginManager: Loaded Plugin EpicSurvey, From C:/Program Files (x86)/Epic Games/4.14/Engine/Plugins/Editor/EpicSurvey/EpicSurvey.uplugin
LogPluginManager: Loaded Plugin MacGraphicsSwitching, From C:/Program Files (x86)/Epic Games/4.14/Engine/Plugins/Editor/MacGraphicsSwitching/MacGraphicsSwitching.uplugin
LogPluginManager: Loaded Plugin MobileLauncherProfileWizard, From C:/Program Files (x86)/Epic Games/4.14/Engine/Plugins/Editor/MobileLauncherProfileWizard/MobileLauncherProfileWizard.uplugin
LogPluginManager: Loaded Plugin PluginBrowser, From C:/Program Files (x86)/Epic Games/4.14/Engine/Plugins/Editor/PluginBrowser/PluginBrowser.uplugin
LogPluginManager: Loaded Plugin SpeedTreeImporter, From C:/Program Files (x86)/Epic Games/4.14/Engine/Plugins/Editor/SpeedTreeImporter/SpeedTreeImporter.uplugin
LogPluginManager: Loaded Plugin SuperSearchEditor, From C:/Program Files (x86)/Epic Games/4.14/Engine/Plugins/Editor/SuperSearchEditor/SuperSearchEditor.uplugin
LogPluginManager: Loaded Plugin AlembicImporter, From C:/Program Files (x86)/Epic Games/4.14/Engine/Plugins/Experimental/AlembicImporter/AlembicImporter.uplugin
LogPluginManager: Loaded Plugin BlueprintStats, From C:/Program Files (x86)/Epic Games/4.14/Engine/Plugins/Experimental/BlueprintStats/BlueprintStats.uplugin
LogPluginManager: Loaded Plugin CharacterAI, From C:/Program Files (x86)/Epic Games/4.14/Engine/Plugins/Experimental/CharacterAI/CharacterAI.uplugin
LogPluginManager: Loaded Plugin CodeEditor, From C:/Program Files (x86)/Epic Games/4.14/Engine/Plugins/Experimental/CodeEditor/CodeEditor.uplugin
LogPluginManager: Loaded Plugin CodeView, From C:/Program Files (x86)/Epic Games/4.14/Engine/Plugins/Experimental/CodeView/CodeView.uplugin
LogPluginManager: Loaded Plugin HTML5Networking, From C:/Program Files (x86)/Epic Games/4.14/Engine/Plugins/Experimental/HTML5Networking/HTML5Networking.uplugin
LogPluginManager: Loaded Plugin OSVR, From C:/Program Files (x86)/Epic Games/4.14/Engine/Plugins/Experimental/OSVR/OSVR.uplugin
LogPluginManager: Loaded Plugin Phya, From C:/Program Files (x86)/Epic Games/4.14/Engine/Plugins/Experimental/Phya/Phya.uplugin
LogPluginManager: Loaded Plugin SignificanceManager, From C:/Program Files (x86)/Epic Games/4.14/Engine/Plugins/Experimental/SignificanceManager/SignificanceManager.uplugin
LogPluginManager: Loaded Plugin SimpleHMD, From C:/Program Files (x86)/Epic Games/4.14/Engine/Plugins/Experimental/SimpleHMD/SimpleHMD.uplugin
LogPluginManager: Loaded Plugin StereoPanorama, From C:/Program Files (x86)/Epic Games/4.14/Engine/Plugins/Experimental/StereoPanorama/StereoPanorama.uplugin
LogPluginManager: Loaded Plugin StructBox, From C:/Program Files (x86)/Epic Games/4.14/Engine/Plugins/Experimental/StructBox/StructBox.uplugin
LogPluginManager: Loaded Plugin AndroidMedia, From C:/Program Files (x86)/Epic Games/4.14/Engine/Plugins/Media/AndroidMedia/AndroidMedia.uplugin
LogPluginManager: Loaded Plugin AvfMedia, From C:/Program Files (x86)/Epic Games/4.14/Engine/Plugins/Media/AvfMedia/AvfMedia.uplugin
LogPluginManager: Loaded Plugin MediaPlayerEditor, From C:/Program Files (x86)/Epic Games/4.14/Engine/Plugins/Media/MediaPlayerEditor/MediaPlayerEditor.uplugin
LogPluginManager: Loaded Plugin WmfMedia, From C:/Program Files (x86)/Epic Games/4.14/Engine/Plugins/Media/WmfMedia/WmfMedia.uplugin
LogPluginManager: Loaded Plugin MessagingDebugger, From C:/Program Files (x86)/Epic Games/4.14/Engine/Plugins/Messaging/MessagingDebugger/MessagingDebugger.uplugin
LogPluginManager: Loaded Plugin TcpMessaging, From C:/Program Files (x86)/Epic Games/4.14/Engine/Plugins/Messaging/TcpMessaging/TcpMessaging.uplugin
LogPluginManager: Loaded Plugin UdpMessaging, From C:/Program Files (x86)/Epic Games/4.14/Engine/Plugins/Messaging/UdpMessaging/UdpMessaging.uplugin
LogPluginManager: Loaded Plugin LevelSequenceEditor, From C:/Program Files (x86)/Epic Games/4.14/Engine/Plugins/MovieScene/LevelSequenceEditor/LevelSequenceEditor.uplugin
LogPluginManager: Loaded Plugin MatineeToLevelSequence, From C:/Program Files (x86)/Epic Games/4.14/Engine/Plugins/MovieScene/MatineeToLevelSequence/MatineeToLevelSequence.uplugin
LogPluginManager: Loaded Plugin NetcodeUnitTest, From C:/Program Files (x86)/Epic Games/4.14/Engine/Plugins/NetcodeUnitTest/NetcodeUnitTest/NetcodeUnitTest.uplugin
LogPluginManager: Loaded Plugin NUTUnrealEngine4, From C:/Program Files (x86)/Epic Games/4.14/Engine/Plugins/NetcodeUnitTest/NUTUnrealEngine4/NUTUnrealEngine4.uplugin
LogPluginManager: Loaded Plugin OnlineSubsystemGameCircle, From C:/Program Files (x86)/Epic Games/4.14/Engine/Plugins/Online/Android/OnlineSubsystemGameCircle/OnlineSubsystemGameCircle.uplugin
LogPluginManager: Loaded Plugin OnlineSubsystemGooglePlay, From C:/Program Files (x86)/Epic Games/4.14/Engine/Plugins/Online/Android/OnlineSubsystemGooglePlay/OnlineSubsystemGooglePlay.uplugin
LogPluginManager: Loaded Plugin OnlineSubsystemIOS, From C:/Program Files (x86)/Epic Games/4.14/Engine/Plugins/Online/IOS/OnlineSubsystemIOS/OnlineSubsystemIOS.uplugin
LogPluginManager: Loaded Plugin OnlineFramework, From C:/Program Files (x86)/Epic Games/4.14/Engine/Plugins/Online/OnlineFramework/OnlineFramework.uplugin
LogPluginManager: Loaded Plugin OnlineSubsystem, From C:/Program Files (x86)/Epic Games/4.14/Engine/Plugins/Online/OnlineSubsystem/OnlineSubsystem.uplugin
LogPluginManager: Loaded Plugin OnlineSubsystemAmazon, From C:/Program Files (x86)/Epic Games/4.14/Engine/Plugins/Online/OnlineSubsystemAmazon/OnlineSubsystemAmazon.uplugin
LogPluginManager: Loaded Plugin OnlineSubsystemFacebook, From C:/Program Files (x86)/Epic Games/4.14/Engine/Plugins/Online/OnlineSubsystemFacebook/OnlineSubsystemFacebook.uplugin
LogPluginManager: Loaded Plugin OnlineSubsystemNull, From C:/Program Files (x86)/Epic Games/4.14/Engine/Plugins/Online/OnlineSubsystemNull/OnlineSubsystemNull.uplugin
LogPluginManager: Loaded Plugin OnlineSubsystemOculus, From C:/Program Files (x86)/Epic Games/4.14/Engine/Plugins/Online/OnlineSubsystemOculus/OnlineSubsystemOculus.uplugin
LogPluginManager: Loaded Plugin OnlineSubsystemSteam, From C:/Program Files (x86)/Epic Games/4.14/Engine/Plugins/Online/OnlineSubsystemSteam/OnlineSubsystemSteam.uplugin
LogPluginManager: Loaded Plugin OnlineSubsystemUtils, From C:/Program Files (x86)/Epic Games/4.14/Engine/Plugins/Online/OnlineSubsystemUtils/OnlineSubsystemUtils.uplugin
LogPluginManager: Loaded Plugin IOSTapJoy, From C:/Program Files (x86)/Epic Games/4.14/Engine/Plugins/Runtime/Advertising/IOSTapJoy/IOSTapJoy.uplugin
LogPluginManager: Loaded Plugin AnalyticsBlueprintLibrary, From C:/Program Files (x86)/Epic Games/4.14/Engine/Plugins/Runtime/Analytics/AnalyticsBlueprintLibrary/AnalyticsBlueprintLibrary.uplugin
LogPluginManager: Loaded Plugin AnalyticsMulticast, From C:/Program Files (x86)/Epic Games/4.14/Engine/Plugins/Runtime/Analytics/AnalyticsMulticast/AnalyticsMulticast.uplugin
LogPluginManager: Loaded Plugin Apsalar, From C:/Program Files (x86)/Epic Games/4.14/Engine/Plugins/Runtime/Analytics/Apsalar/Apsalar.uplugin
LogPluginManager: Loaded Plugin FileLogging, From C:/Program Files (x86)/Epic Games/4.14/Engine/Plugins/Runtime/Analytics/FileLogging/FileLogging.uplugin
LogPluginManager: Loaded Plugin Flurry, From C:/Program Files (x86)/Epic Games/4.14/Engine/Plugins/Runtime/Analytics/Flurry/Flurry.uplugin
LogPluginManager: Loaded Plugin AndroidDeviceProfileSelector, From C:/Program Files (x86)/Epic Games/4.14/Engine/Plugins/Runtime/AndroidDeviceProfileSelector/AndroidDeviceProfileSelector.uplugin
LogPluginManager: Loaded Plugin AndroidMoviePlayer, From C:/Program Files (x86)/Epic Games/4.14/Engine/Plugins/Runtime/AndroidMoviePlayer/AndroidMoviePlayer.uplugin
LogPluginManager: Loaded Plugin AppleMoviePlayer, From C:/Program Files (x86)/Epic Games/4.14/Engine/Plugins/Runtime/AppleMoviePlayer/AppleMoviePlayer.uplugin
LogPluginManager: Loaded Plugin ArchVisCharacter, From C:/Program Files (x86)/Epic Games/4.14/Engine/Plugins/Runtime/ArchVisCharacter/ArchVisCharacter.uplugin
LogPluginManager: Loaded Plugin CableComponent, From C:/Program Files (x86)/Epic Games/4.14/Engine/Plugins/Runtime/CableComponent/CableComponent.uplugin
LogPluginManager: Loaded Plugin CustomMeshComponent, From C:/Program Files (x86)/Epic Games/4.14/Engine/Plugins/Runtime/CustomMeshComponent/CustomMeshComponent.uplugin
LogPluginManager: Loaded Plugin ExampleDeviceProfileSelector, From C:/Program Files (x86)/Epic Games/4.14/Engine/Plugins/Runtime/ExampleDeviceProfileSelector/ExampleDeviceProfileSelector.uplugin
LogPluginManager: Loaded Plugin GearVR, From C:/Program Files (x86)/Epic Games/4.14/Engine/Plugins/Runtime/GearVR/GearVR.uplugin
LogPluginManager: Loaded Plugin GoogleVRController, From C:/Program Files (x86)/Epic Games/4.14/Engine/Plugins/Runtime/GoogleVR/GoogleVRController/GoogleVRController.uplugin
LogPluginManager: Loaded Plugin GoogleVRHMD, From C:/Program Files (x86)/Epic Games/4.14/Engine/Plugins/Runtime/GoogleVR/GoogleVRHMD/GoogleVRHMD.uplugin
LogPluginManager: Loaded Plugin IOSDeviceProfileSelector, From C:/Program Files (x86)/Epic Games/4.14/Engine/Plugins/Runtime/IOSDeviceProfileSelector/IOSDeviceProfileSelector.uplugin
LogPluginManager: Loaded Plugin LeapMotion, From C:/Program Files (x86)/Epic Games/4.14/Engine/Plugins/Runtime/LeapMotion/LeapMotion.uplugin
LogPluginManager: Loaded Plugin LinuxDeviceProfileSelector, From C:/Program Files (x86)/Epic Games/4.14/Engine/Plugins/Runtime/LinuxDeviceProfileSelector/LinuxDeviceProfileSelector.uplugin
LogPluginManager: Loaded Plugin MIDIDevice, From C:/Program Files (x86)/Epic Games/4.14/Engine/Plugins/Runtime/MIDIDevice/MIDIDevice.uplugin
LogPluginManager: Loaded Plugin MobilePatchingUtils, From C:/Program Files (x86)/Epic Games/4.14/Engine/Plugins/Runtime/MobilePatchingUtils/MobilePatchingUtils.uplugin
LogPluginManager: Loaded Plugin Ansel, From C:/Program Files (x86)/Epic Games/4.14/Engine/Plugins/Runtime/Nvidia/Ansel/Ansel.uplugin
LogPluginManager: Loaded Plugin OculusAudio, From C:/Program Files (x86)/Epic Games/4.14/Engine/Plugins/Runtime/OculusAudio/OculusAudio.uplugin
LogPluginManager: Loaded Plugin OculusInput, From C:/Program Files (x86)/Epic Games/4.14/Engine/Plugins/Runtime/OculusInput/OculusInput.uplugin
LogPluginManager: Loaded Plugin OculusLibrary, From C:/Program Files (x86)/Epic Games/4.14/Engine/Plugins/Runtime/OculusLibrary/OculusLibrary.uplugin
LogPluginManager: Loaded Plugin OculusRift, From C:/Program Files (x86)/Epic Games/4.14/Engine/Plugins/Runtime/OculusRift/OculusRift.uplugin
LogPluginManager: Loaded Plugin Oodle, From C:/Program Files (x86)/Epic Games/4.14/Engine/Plugins/Runtime/PacketHandlers/CompressionComponents/Oodle/Oodle.uplugin
LogPluginManager: Loaded Plugin ProceduralMeshComponent, From C:/Program Files (x86)/Epic Games/4.14/Engine/Plugins/Runtime/ProceduralMeshComponent/ProceduralMeshComponent.uplugin
LogPluginManager: Loaded Plugin SoundMod, From C:/Program Files (x86)/Epic Games/4.14/Engine/Plugins/Runtime/SoundMod/SoundMod.uplugin
LogPluginManager: Loaded Plugin SoundVisualizations, From C:/Program Files (x86)/Epic Games/4.14/Engine/Plugins/Runtime/SoundVisualizations/SoundVisualizations.uplugin
LogPluginManager: Loaded Plugin SteamController, From C:/Program Files (x86)/Epic Games/4.14/Engine/Plugins/Runtime/Steam/SteamController/SteamController.uplugin
LogPluginManager: Loaded Plugin SteamVR, From C:/Program Files (x86)/Epic Games/4.14/Engine/Plugins/Runtime/Steam/SteamVR/SteamVR.uplugin
LogPluginManager: Loaded Plugin WebBrowserWidget, From C:/Program Files (x86)/Epic Games/4.14/Engine/Plugins/Runtime/WebBrowserWidget/WebBrowserWidget.uplugin
LogPluginManager: Loaded Plugin WindowsDeviceProfileSelector, From C:/Program Files (x86)/Epic Games/4.14/Engine/Plugins/Runtime/WindowsDeviceProfileSelector/WindowsDeviceProfileSelector.uplugin
LogPluginManager: Loaded Plugin WindowsMoviePlayer, From C:/Program Files (x86)/Epic Games/4.14/Engine/Plugins/Runtime/WindowsMoviePlayer/WindowsMoviePlayer.uplugin
LogPluginManager: Loaded Plugin ScriptPlugin, From C:/Program Files (x86)/Epic Games/4.14/Engine/Plugins/ScriptPlugin/ScriptPlugin.uplugin
LogPluginManager: Loaded Plugin SlateRemote, From C:/Program Files (x86)/Epic Games/4.14/Engine/Plugins/Slate/SlateRemote/SlateRemote.uplugin
LogPluginManager: Loaded Plugin EditorTests, From C:/Program Files (x86)/Epic Games/4.14/Engine/Plugins/Tests/EditorTests/EditorTests.uplugin
LogPluginManager: Loaded Plugin FbxAutomationTestBuilder, From C:/Program Files (x86)/Epic Games/4.14/Engine/Plugins/Tests/FbxAutomationTestBuilder/FbxAutomationTestBuilder.uplugin
LogPluginManager: Loaded Plugin FunctionalTestingEditor, From C:/Program Files (x86)/Epic Games/4.14/Engine/Plugins/Tests/FunctionalTestingEditor/FunctionalTestingEditor.uplugin
LogPluginManager: Loaded Plugin RuntimeTests, From C:/Program Files (x86)/Epic Games/4.14/Engine/Plugins/Tests/RuntimeTests/RuntimeTests.uplugin
LogPluginManager: Loaded Plugin ScreenshotTools, From C:/Program Files (x86)/Epic Games/4.14/Engine/Plugins/Tests/ScreenshotTools/ScreenshotTools.uplugin
LogInit: Using libcurl 7.47.1
LogInit:  - built for x86_64-pc-win32
LogInit:  - supports SSL with OpenSSL/1.0.2g
LogInit:  - supports HTTP deflate (compression) using libz 1.2.8
LogInit:  - other features:
LogInit:      CURL_VERSION_SSL
LogInit:      CURL_VERSION_LIBZ
LogInit:      CURL_VERSION_IPV6
LogInit:      CURL_VERSION_ASYNCHDNS
LogInit:      CURL_VERSION_LARGEFILE
LogInit:      CURL_VERSION_IDN
LogInit:  CurlRequestOptions (configurable via config and command line):
LogInit:  - bVerifyPeer = false  - Libcurl will NOT verify peer certificate
LogInit:  - bUseHttpProxy = false  - Libcurl will NOT use HTTP proxy
LogInit:  - bDontReuseConnections = false  - Libcurl will reuse connections
LogInit:  - CertBundlePath = nullptr  - Libcurl will use whatever was configured at build time.
LogInit: Build: ++UE4+Release-4.14-CL-3249277
LogInit: Engine Version: 4.14.3-3249277+++UE4+Release-4.14
LogInit: Compatible Engine Version: 4.14.0-3195953+++UE4+Release-4.14
LogInit: Net CL: 3195953
LogDevObjectVersion: Number of dev versions registered: 13
LogDevObjectVersion:   Dev-Blueprints (B0D832E4-1F89-4F0D-ACCF-7EB736FD4AA2): 7
LogDevObjectVersion:   Dev-Build (E1C64328-A22C-4D53-A36C-8E866417BD8C): 0
LogDevObjectVersion:   Dev-Core (375EC13C-06E4-48FB-B500-84F0262A717E): 1
LogDevObjectVersion:   Dev-Editor (E4B068ED-F494-42E9-A231-DA0B2E46BB41): 8
LogDevObjectVersion:   Dev-Framework (CFFC743F-43B0-4480-9391-14DF171D2073): 17
LogDevObjectVersion:   Dev-Mobile (B02B49B5-BB20-44E9-A304-32B752E40360): 0
LogDevObjectVersion:   Dev-Networking (A4E4105C-59A1-49B5-A7C5-40C4547EDFEE): 0
LogDevObjectVersion:   Dev-Online (39C831C9-5AE6-47DC-9A44-9C173E1C8E7C): 0
LogDevObjectVersion:   Dev-Physics (78F01B33-EBEA-4F98-B9B4-84EACCB95AA2): 0
LogDevObjectVersion:   Dev-Platform (6631380F-2D4D-43E0-8009-CF276956A95A): 0
LogDevObjectVersion:   Dev-Rendering (12F88B9F-8875-4AFC-A67C-D90C383ABD29): 12
LogDevObjectVersion:   Dev-Sequencer (7B5AE74C-D270-4C10-A958-57980B212A5A): 1
LogDevObjectVersion:   Dev-VR (D7296918-1DD6-4BDD-9DE2-64A83CC13884): 0
LogInit: Compiled (64-bit): Jan  6 2017 10:49:43
LogInit: Compiled with Visual C++: 19.00.23026.00
LogInit: Build Configuration: Development
LogInit: Branch Name: ++UE4+Release-4.14
LogInit: Command line: -EpicPortal 
LogInit: Base directory: C:/Program Files (x86)/Epic Games/4.14/Engine/Binaries/Win64/
LogInit: Installed Engine Build: 1
LogInit: Presizing for max 8388607 objects, including 0 objects not considered by GC, pre-allocating 0 bytes for permanent pool.
LogInit: Object subsystem initialized
[2017.07.10-17.09.37:543][  0]LogInit: Selected Device Profile: [Windows]
[2017.07.10-17.09.37:543][  0]LogInit: Applying CVar settings loaded from the selected device profile: [Windows]
[2017.07.10-17.09.37:557][  0]LogInit: Computer: IGMOH1380-26
[2017.07.10-17.09.37:557][  0]LogInit: User: IGMAdmin
[2017.07.10-17.09.37:557][  0]LogInit: CPU Page size=65536, Cores=2
[2017.07.10-17.09.37:557][  0]LogInit: High frequency timer resolution =3.328125 MHz
[2017.07.10-17.09.37:557][  0]LogMemory: Memory total: Physical=15.9GB (16GB approx)
[2017.07.10-17.09.37:557][  0]LogMemory: Platform Memory Stats for Windows
[2017.07.10-17.09.37:557][  0]LogMemory: Process Physical Memory: 263.89 MB used, 263.89 MB peak
[2017.07.10-17.09.37:557][  0]LogMemory: Process Virtual Memory: 262.52 MB used, 262.52 MB peak
[2017.07.10-17.09.37:557][  0]LogMemory: Physical Memory: 4092.04 MB used,  12193.66 MB free, 16285.70 MB total
[2017.07.10-17.09.37:557][  0]LogMemory: Virtual Memory: 674.54 MB used,  12193.66 MB free, 134217728.00 MB total
[2017.07.10-17.09.37:583][  0]LogTextLocalizationManager: No specific translations for ('en-US') exist, so ('en') translations will be used.
[2017.07.10-17.09.38:173][  0]LogD3D11RHI: D3D11 adapters:
[2017.07.10-17.09.38:179][  0]LogD3D11RHI:    0. 'Intel(R) HD Graphics 530' (Feature Level 11_0)
[2017.07.10-17.09.38:179][  0]LogD3D11RHI:       128/0/8142 MB DedicatedVideo/DedicatedSystem/SharedSystem, Outputs:1, VendorId:0x8086
[2017.07.10-17.09.38:213][  0]LogD3D11RHI:    1. 'NVIDIA GeForce GTX 1070' (Feature Level 11_0)
[2017.07.10-17.09.38:213][  0]LogD3D11RHI:       8145/0/8142 MB DedicatedVideo/DedicatedSystem/SharedSystem, Outputs:1, VendorId:0x10de
[2017.07.10-17.09.38:214][  0]LogD3D11RHI:    2. 'Microsoft Basic Render Driver' (Feature Level 11_0)
[2017.07.10-17.09.38:214][  0]LogD3D11RHI:       0/0/8142 MB DedicatedVideo/DedicatedSystem/SharedSystem, Outputs:0, VendorId:0x1414
[2017.07.10-17.09.38:214][  0]LogD3D11RHI: Chosen D3D11 Adapter: 1
[2017.07.10-17.09.38:217][  0]LogD3D11RHI: Creating new Direct3DDevice
[2017.07.10-17.09.38:217][  0]LogD3D11RHI:     GPU DeviceId: 0x1b81 (for the marketing name, search the web for "GPU Device Id")
[2017.07.10-17.09.38:217][  0]LogWindows: EnumDisplayDevices:
[2017.07.10-17.09.38:218][  0]LogWindows:    0. 'Intel(R) HD Graphics 530' (P:1 D:1)
[2017.07.10-17.09.38:218][  0]LogWindows:    1. 'Intel(R) HD Graphics 530' (P:0 D:0)
[2017.07.10-17.09.38:218][  0]LogWindows:    2. 'Intel(R) HD Graphics 530' (P:0 D:0)
[2017.07.10-17.09.38:218][  0]LogWindows:    3. 'NVIDIA GeForce GTX 1070' (P:0 D:1)
[2017.07.10-17.09.38:218][  0]LogWindows:    4. 'NVIDIA GeForce GTX 1070' (P:0 D:0)
[2017.07.10-17.09.38:218][  0]LogWindows:    5. 'NVIDIA GeForce GTX 1070' (P:0 D:0)
[2017.07.10-17.09.38:218][  0]LogWindows:    6. 'NVIDIA GeForce GTX 1070' (P:0 D:0)
[2017.07.10-17.09.38:219][  0]LogWindows: DebugString: PrimaryIsNotTheChoosenAdapter PrimaryIsNotTheChoosenAdapter PrimaryIsNotTheChoosenAdapter FoundDriverCount:4 
[2017.07.10-17.09.38:219][  0]LogD3D11RHI:     Adapter Name: NVIDIA GeForce GTX 1070
[2017.07.10-17.09.38:219][  0]LogD3D11RHI:   Driver Version: 376.33 (internal:21.21.13.7633, unified:376.33)
[2017.07.10-17.09.38:219][  0]LogD3D11RHI:      Driver Date: 12-11-2016
[2017.07.10-17.09.38:219][  0]LogRHI: Texture pool is 1361 MB (70% of 1945 MB)
[2017.07.10-17.09.38:233][  0]LogD3D11RHI: Async texture creation enabled
[2017.07.10-17.09.38:244][  0]LogD3D11RHI: GPU Timing Frequency: 1000.000000 (Debug: 2 1)
[2017.07.10-17.09.38:245][  0]LogShaderCompilers: Guid format shader working directory is 22 characters bigger than the processId version (D:/New folder/Project_Beta1/Intermediate/Shaders/WorkingDirectory/2272/).
[2017.07.10-17.09.38:245][  0]LogShaderCompilers: Cleaned the shader compiler working directory 'C:/Users/IGMAdmin/AppData/Local/Temp/UnrealShaderWorkingDir/4D803020466C2DBA6C9599ACD70D992E/'.
[2017.07.10-17.09.38:245][  0]LogShaderCompilers:Display: Using Local Shader Compiler.
[2017.07.10-17.09.39:214][  0]LogTemp:Display: Loaded TP AllDesktopTargetPlatform
[2017.07.10-17.09.39:261][  0]LogTemp:Display: Loaded TP MacClientTargetPlatform
[2017.07.10-17.09.39:308][  0]LogTemp:Display: Loaded TP MacNoEditorTargetPlatform
[2017.07.10-17.09.39:359][  0]LogTemp:Display: Loaded TP MacServerTargetPlatform
[2017.07.10-17.09.39:407][  0]LogTemp:Display: Loaded TP MacTargetPlatform
[2017.07.10-17.09.39:455][  0]LogTemp:Display: Loaded TP WindowsClientTargetPlatform
[2017.07.10-17.09.39:503][  0]LogTemp:Display: Loaded TP WindowsNoEditorTargetPlatform
[2017.07.10-17.09.39:552][  0]LogTemp:Display: Loaded TP WindowsServerTargetPlatform
[2017.07.10-17.09.39:591][  0]LogTemp:Display: Loaded TP WindowsTargetPlatform
[2017.07.10-17.09.39:638][  0]LogTemp:Display: Loaded TP AndroidTargetPlatform
[2017.07.10-17.09.39:685][  0]LogTemp:Display: Loaded TP Android_ASTCTargetPlatform
[2017.07.10-17.09.39:732][  0]LogTemp:Display: Loaded TP Android_ATCTargetPlatform
[2017.07.10-17.09.39:778][  0]LogTemp:Display: Loaded TP Android_DXTTargetPlatform
[2017.07.10-17.09.39:828][  0]LogTemp:Display: Loaded TP Android_ETC1TargetPlatform
[2017.07.10-17.09.39:875][  0]LogTemp:Display: Loaded TP Android_ETC2TargetPlatform
[2017.07.10-17.09.39:969][  0]LogTemp:Display: Loaded TP Android_MultiTargetPlatform
[2017.07.10-17.09.39:969][  0]LogTemp:Display: Loaded TP Android_PVRTCTargetPlatform
[2017.07.10-17.09.40:002][  0]LogTemp:Display: Loaded TP HTML5TargetPlatform
[2017.07.10-17.09.40:080][  0]LogTemp:Display: Loaded TP IOSTargetPlatform
[2017.07.10-17.09.40:110][  0]LogTemp:Display: Loaded TP TVOSTargetPlatform
[2017.07.10-17.09.40:156][  0]LogTemp:Display: Loaded TP LinuxClientTargetPlatform
[2017.07.10-17.09.40:202][  0]LogTemp:Display: Loaded TP LinuxNoEditorTargetPlatform
[2017.07.10-17.09.40:249][  0]LogTemp:Display: Loaded TP LinuxServerTargetPlatform
[2017.07.10-17.09.40:297][  0]LogTemp:Display: Loaded TP LinuxTargetPlatform
[2017.07.10-17.09.40:297][  0]LogTargetPlatformManager:Display: Building Assets For Windows
[2017.07.10-17.09.40:628][  0]LogDerivedDataCache:Display: Max Cache Size: 512 MB
[2017.07.10-17.09.40:670][  0]LogDerivedDataCache: Loaded boot cache 0.04s 50MB C:/Users/IGMAdmin/AppData/Local/UnrealEngine/4.14/DerivedDataCache/Boot.ddc.
[2017.07.10-17.09.40:670][  0]LogDerivedDataCache:Display: Loaded Boot cache: C:/Users/IGMAdmin/AppData/Local/UnrealEngine/4.14/DerivedDataCache/Boot.ddc
[2017.07.10-17.09.40:670][  0]LogDerivedDataCache: FDerivedDataBackendGraph:  Pak pak cache file D:/New folder/Project_Beta1/DerivedDataCache/DDC.ddp not found, will not use a pak cache.
[2017.07.10-17.09.40:670][  0]LogDerivedDataCache: Unable to find inner node Pak for hierarchical cache Hierarchy.
[2017.07.10-17.09.40:670][  0]LogDerivedDataCache: FDerivedDataBackendGraph:  CompressedPak pak cache file D:/New folder/Project_Beta1/DerivedDataCache/Compressed.ddp not found, will not use a pak cache.
[2017.07.10-17.09.40:670][  0]LogDerivedDataCache: Unable to find inner node CompressedPak for hierarchical cache Hierarchy.
[2017.07.10-17.09.40:686][  0]LogDerivedDataCache:Display: Pak cache opened for reading ../../../Engine/DerivedDataCache/Compressed.ddp.
[2017.07.10-17.09.40:698][  0]LogDerivedDataCache: Using Local data cache path C:/Users/IGMAdmin/AppData/Local/UnrealEngine/Common/DerivedDataCache: Writable
[2017.07.10-17.09.40:872][  0]LogInit: Selected Device Profile: [Windows]
[2017.07.10-17.09.40:874][  0]LogContentStreaming: Texture pool size is 0.00 MB
[2017.07.10-17.09.41:052][  0]LogMeshUtilities: Using QuadricMeshReduction for automatic static mesh reduction
[2017.07.10-17.09.41:089][  0]LogSimplygon: Simplygon DLL not present - disabling.
[2017.07.10-17.09.41:129][  0]LogMeshUtilities: Using SimplygonSwarm for distributed automatic mesh merging
[2017.07.10-17.09.41:129][  0]LogMeshUtilities: No automatic skeletal mesh reduction module available
[2017.07.10-17.09.41:129][  0]LogMeshUtilities: No automatic mesh merging module available
[2017.07.10-17.09.41:561][  0]LogNetVersion: GetLocalNetworkVersion: CL: 3195953, ProjectName: project_beta1, ProjectVersion: , EngineNetworkVersion: 2, GameNetworkVersion: 0, NetworkChecksum: 1271591678
[2017.07.10-17.09.41:612][  0]LogAssetRegistry: FAssetRegistry took 0.0219 seconds to start up
[2017.07.10-17.09.41:656][  0]LogPackageLocalizationCache: Processed 3 localized package path(s) for 2 prioritized culture(s) in 0.021597 seconds
[2017.07.10-17.09.41:661][  0]LogUObjectArray: 31946 objects as part of root set at end of initial load.
[2017.07.10-17.09.41:661][  0]LogUObjectAllocator: 6935848 out of 0 bytes used by permanent object pool.
[2017.07.10-17.09.41:661][  0]LogUObjectArray: CloseDisregardForGC: 0/0 objects in disregard for GC pool
[2017.07.10-17.09.41:716][  0]LogInit: WinSock: version 1.1 (2.2), MaxSocks=32767, MaxUdp=65467
[2017.07.10-17.09.42:408][  0]LogSlate: Using Freetype 2.6.0
[2017.07.10-17.09.42:408][  0]LogSlate: SlateFontCache - WITH_FREETYPE: 1, WITH_HARFBUZZ: 1
[2017.07.10-17.09.42:408][  0]LogSlate: SlateFontCache - WITH_FREETYPE: 1, WITH_HARFBUZZ: 1
[2017.07.10-17.09.43:125][  0]LogTcpMessaging: Initializing TcpMessaging bridge
[2017.07.10-17.09.43:183][  0]LogUdpMessaging: Initializing bridge on interface 0.0.0.0:0 to multicast group 230.0.0.1:6666.
[2017.07.10-17.09.43:473][  0]LogMaterial: Uniform references updated for custom material expression Custom.
[2017.07.10-17.09.43:822][  0]SourceControl: Info Source control is disabled
[2017.07.10-17.09.43:864][  0]SourceControl: Info Source control is disabled
[2017.07.10-17.09.43:907][  0]SourceControl: Info Source control is disabled
[2017.07.10-17.09.43:949][  0]SourceControl: Info Source control is disabled
[2017.07.10-17.09.45:105][  0]LogEngine: Initializing Engine...
[2017.07.10-17.09.45:106][  0]LogHMD: Failed to initialize OpenVR with code 110
[2017.07.10-17.09.45:335][  0]LogAIModule: Creating AISystem for world Untitled
[2017.07.10-17.09.45:356][  0]LogInit: XAudio2 using 'Alienware2210 (Intel(R) Display Audio)' : 2 channels at 48 kHz using 16 bits per sample (channel mask 0x3)
[2017.07.10-17.09.45:371][  0]LogInit: FAudioDevice initialized.
[2017.07.10-17.09.45:396][  0]LogDerivedDataCache: Saved boot cache 0.02s 50MB C:/Users/IGMAdmin/AppData/Local/UnrealEngine/4.14/DerivedDataCache/Boot.ddc.
[2017.07.10-17.09.45:403][  0]LogInit: Texture streaming: Enabled
[2017.07.10-17.09.45:576][  0]LogInit: Transaction tracking system initialized
[2017.07.10-17.09.45:904][  0]BlueprintLog: New page: Editor Load
[2017.07.10-17.09.46:803][  0]LocalizationService: Info Localization service is disabled
[2017.07.10-17.09.47:431][  0]LogConsoleResponse:Display: 
[2017.07.10-17.09.47:577][  0]LogCook:Display: Max memory allowance for cook 16384mb min free memory 0mb
[2017.07.10-17.09.47:577][  0]LogCook:Display: Mobile HDR setting 1
[2017.07.10-17.09.48:368][  0]LogFileCache: Scanning file cache for directory 'D:/New folder/Project_Beta1/Content/' took 0.01s
[2017.07.10-17.09.48:407][  0]SourceControl: Info Source control is disabled
[2017.07.10-17.09.48:407][  0]Cmd: MAP LOAD FILE="D:/New folder/Project_Beta1/Content/FirstPersonBP/Maps/FirstPersonExampleMap.umap" TEMPLATE=0 SHOWPROGRESS=1 FEATURELEVEL=3
[2017.07.10-17.09.48:407][  0]LightingResults: New page: Lighting Build
[2017.07.10-17.09.48:444][  0]MapCheck: New page: Map Check
[2017.07.10-17.09.48:444][  0]LightingResults: New page: Lighting Build
[2017.07.10-17.09.48:911][  0]LogTexture:Display: Building textures: T_ML_Aluminum01 (AutoDXT)
[2017.07.10-17.09.54:475][  0]LogTexture:Display: Building textures: T_ML_Aluminum01_N (BC5)
[2017.07.10-17.09.55:259][  0]LogTexture:Display: Building textures: T_ML_Rubber_Blue_01_D (AutoDXT)
[2017.07.10-17.10.00:698][  0]LogTexture:Display: Building textures: T_ML_Rubber_Blue_01_N (BC5)
[2017.07.10-17.10.01:338][  0]LogTexture:Display: Building textures: T_FPGun_N (BC5)
[2017.07.10-17.10.01:879][  0]LogTexture:Display: Building textures: T_FPGun_M (AutoDXT)
[2017.07.10-17.10.02:732][  0]LogTexture:Display: Building textures: T_ML_Rubber_Blue_01_D (AutoDXT)
[2017.07.10-17.10.08:182][  0]LogTexture:Display: Building textures: T_ML_Rubber_Blue_01_N (BC5)
[2017.07.10-17.10.08:737][  0]LogTexture:Display: Building textures: T_ML_Aluminum01_N (BC5)
[2017.07.10-17.10.09:430][  0]LogTexture:Display: Building textures: T_ML_Aluminum01 (AutoDXT)
[2017.07.10-17.10.14:917][  0]LogTexture:Display: Building textures: FirstPersonCrosshair (AutoDXT)
[2017.07.10-17.10.14:993][  0]LogTexture:Display: Building textures: HQ_Lightmap0_1 (AutoDXT)
[2017.07.10-17.10.15:978][  0]LogTexture:Display: Building textures: HQ_Lightmap0_2 (AutoDXT)
[2017.07.10-17.10.16:770][  0]LogTexture:Display: Building textures: HQ_Lightmap0_3 (AutoDXT)
[2017.07.10-17.10.18:510][  0]LogTexture:Display: Building textures: HQ_Lightmap0_4 (AutoDXT)
[2017.07.10-17.10.19:069][  0]LogTexture:Display: Building textures: HQ_Lightmap0_5 (AutoDXT)
[2017.07.10-17.10.19:105][  0]LogTexture:Display: Building textures: LQ_Lightmap_0_1 (DXT1)
[2017.07.10-17.10.19:350][  0]LogTexture:Display: Building textures: LQ_Lightmap_0_2 (DXT1)
[2017.07.10-17.10.19:601][  0]LogTexture:Display: Building textures: LQ_Lightmap_0_3 (DXT1)
[2017.07.10-17.10.20:092][  0]LogTexture:Display: Building textures: LQ_Lightmap_0_4 (DXT1)
[2017.07.10-17.10.20:301][  0]LogTexture:Display: Building textures: LQ_Lightmap_0_5 (DXT1)
[2017.07.10-17.10.20:330][  0]LogTexture:Display: Building textures: SkyOcclusion0_1 (AutoDXT)
[2017.07.10-17.10.20:710][  0]LogTexture:Display: Building textures: SkyOcclusion0_2 (AutoDXT)
[2017.07.10-17.10.21:060][  0]LogTexture:Display: Building textures: SkyOcclusion0_3 (AutoDXT)
[2017.07.10-17.10.21:647][  0]LogTexture:Display: Building textures: SkyOcclusion0_4 (AutoDXT)
[2017.07.10-17.10.21:921][  0]LogTexture:Display: Building textures: SkyOcclusion0_5 (AutoDXT)
[2017.07.10-17.10.21:929][  0]LogTexture:Display: Building textures: ShadowMapTexture2D_0 (G8)
[2017.07.10-17.10.21:987][  0]LogTexture:Display: Building textures: ShadowMapTexture2D_1 (G8)
[2017.07.10-17.10.22:043][  0]LogTexture:Display: Building textures: ShadowMapTexture2D_2 (G8)
[2017.07.10-17.10.22:098][  0]LogTexture:Display: Building textures: ShadowMapTexture2D_3 (G8)
[2017.07.10-17.10.22:158][  0]LogTexture:Display: Building textures: ShadowMapTexture2D_4 (G8)
[2017.07.10-17.10.22:213][  0]LogTexture:Display: Building textures: ShadowMapTexture2D_5 (G8)
[2017.07.10-17.10.22:273][  0]LogTexture:Display: Building textures: ShadowMapTexture2D_6 (G8)
[2017.07.10-17.10.22:323][  0]LogTexture:Display: Building textures: ShadowMapTexture2D_7 (G8)
[2017.07.10-17.10.22:328][  0]LogAIModule: Creating AISystem for world FirstPersonExampleMap
[2017.07.10-17.10.22:341][  0]LogEditorServer: Finished looking for orphan Actors (0.000 secs)
[2017.07.10-17.10.22:342][  0]Cmd: MAP CHECKDEP NOCLEARLOG
[2017.07.10-17.10.22:383][  0]MapCheck: Info Map check complete: 0 Error(s), 0 Warning(s), took 41.107ms to complete.
[2017.07.10-17.10.22:383][  0]LogFileHelpers: Loading map 'FirstPersonExampleMap' took 33.977
[2017.07.10-17.10.22:454][  0]LogWindowsTextInputMethodSystem:Display: IME system now deactivated.
[2017.07.10-17.10.22:538][  0]LogCollectionManager: Loaded 0 collections in 0.001159 seconds
[2017.07.10-17.10.22:613][  0]LogFileCache: Scanning file cache for directory 'D:/New folder/Project_Beta1/Saved/Collections/' took 0.01s
[2017.07.10-17.10.22:613][  0]LogFileCache: Scanning file cache for directory 'D:/New folder/Project_Beta1/Content/Developers/IGMAdmin/Collections/' took 0.01s
[2017.07.10-17.10.22:613][  0]LogFileCache: Scanning file cache for directory 'D:/New folder/Project_Beta1/Content/Collections/' took 0.01s
[2017.07.10-17.10.22:613][  0]LogCollectionManager: Rebuilt the GUID cache for 0 collections in 0.000001 seconds
[2017.07.10-17.10.22:621][  0]LogContentBrowser: Native class hierarchy populated in 0.0075 seconds. Added 2190 classes and 428 folders.
[2017.07.10-17.10.22:659][  0]LogStats: UGameplayTagsManager::ConstructGameplayTagTree: Construct from data asset -  0.000 s
[2017.07.10-17.10.22:659][  0]LogStats: UGameplayTagsManager::ConstructGameplayTagTree: GameplayTagTreeChangedEvent.Broadcast -  0.000 s
[2017.07.10-17.10.22:660][  0]LogContentBrowser: Native class hierarchy updated for 'GameplayTags' in 0.0004 seconds. Added 13 classes and 0 folders.
[2017.07.10-17.10.22:714][  0]LogContentBrowser: Native class hierarchy updated for 'WidgetCarousel' in 0.0004 seconds. Added 0 classes and 0 folders.
[2017.07.10-17.10.22:746][  0]LogContentBrowser: Native class hierarchy updated for 'AddContentDialog' in 0.0004 seconds. Added 0 classes and 0 folders.
[2017.07.10-17.10.22:785][  0]LogContentBrowser: Native class hierarchy updated for 'SceneOutliner' in 0.0004 seconds. Added 1 classes and 2 folders.
[2017.07.10-17.10.22:817][  0]LogCrashTracker: Crashtracker disabled due to settings.
[2017.07.10-17.10.22:822][  0]LogUObjectGlobals:Warning: Failed to find object 'Class None.'
[2017.07.10-17.10.22:884][  0]LogContentBrowser: Native class hierarchy updated for 'HierarchicalLODOutliner' in 0.0004 seconds. Added 1 classes and 2 folders.
[2017.07.10-17.10.22:884][  0]LogLoad: (Engine Initialization) Total time: 46.44 seconds
[2017.07.10-17.10.22:884][  0]LogLoad: (Engine Initialization) Total Blueprint compile time: 0.16 seconds
[2017.07.10-17.10.22:884][  0]LogExternalProfiler: Found external profiler: VSPerf
[2017.07.10-17.10.22:884][  0]LogExternalProfiler: Using external profiler: VSPerf
[2017.07.10-17.10.22:893][  0]LogOcInput: OculusInput pre-init called
[2017.07.10-17.10.22:912][  0]LogContentStreaming: Texture pool size now 1000 MB
[2017.07.10-17.10.23:085][  0]LogRenderer: Reallocating scene render targets to support 1208x576 NumSamples 1 (Frame:2).
[2017.07.10-17.10.23:171][  1]LogAssetRegistry: Asset discovery search completed in 41.5817 seconds
[2017.07.10-17.10.23:171][  1]LogCollectionManager: Rebuilt the object cache for 0 collections in 0.000001 seconds (found 0 objects)
[2017.07.10-17.10.23:171][  1]LogCollectionManager: Fixed up redirectors for 0 collections in 0.000023 seconds (updated 0 objects)
[2017.07.10-17.10.27:653][523]LogTemp: Repeting last play command: Selected Viewport
[2017.07.10-17.10.27:658][523]LogBlueprintUserMessages: Early PlayInEditor Detection: Level '/Game/FirstPersonBP/Maps/FirstPersonExampleMap.FirstPersonExampleMap:PersistentLevel' has LevelScriptBlueprint '/Game/FirstPersonBP/Maps/FirstPersonExampleMap.FirstPersonExampleMap:PersistentLevel.FirstPersonExampleMap' with GeneratedClass '/Game/FirstPersonBP/Maps/FirstPersonExampleMap.FirstPersonExampleMap_C' with ClassGeneratedBy '/Game/FirstPersonBP/Maps/FirstPersonExampleMap.FirstPersonExampleMap:PersistentLevel.FirstPersonExampleMap'
[2017.07.10-17.10.27:658][523]LogPlayLevel: PlayLevel: No blueprints needed recompiling
[2017.07.10-17.10.27:658][523]PIE: New page: PIE session: FirstPersonExampleMap (Jul 10, 2017, 9:10:27 AM)
[2017.07.10-17.10.27:658][523]LogPlayLevel: Creating play world package: /Game/FirstPersonBP/Maps/UEDPIE_0_FirstPersonExampleMap
[2017.07.10-17.10.27:681][523]LogPlayLevel: PIE: StaticDuplicateObject took: (0.023063s)
[2017.07.10-17.10.27:682][523]LogAIModule: Creating AISystem for world FirstPersonExampleMap
[2017.07.10-17.10.27:683][523]LogPlayLevel: PIE: World Init took: (0.001303s)
[2017.07.10-17.10.27:683][523]LogPlayLevel: PIE: Created PIE world by copying editor world from /Game/FirstPersonBP/Maps/FirstPersonExampleMap.FirstPersonExampleMap to /Game/FirstPersonBP/Maps/UEDPIE_0_FirstPersonExampleMap.FirstPersonExampleMap (0.024652s)
[2017.07.10-17.10.27:713][523]LogInit: XAudio2 using 'Alienware2210 (Intel(R) Display Audio)' : 2 channels at 48 kHz using 16 bits per sample (channel mask 0x3)
[2017.07.10-17.10.27:718][523]LogInit: FAudioDevice initialized.
[2017.07.10-17.10.27:763][523]LogLoad: Game class is 'FirstPersonGameMode_C'
[2017.07.10-17.10.27:765][523]LogWorld: Bringing World /Game/FirstPersonBP/Maps/UEDPIE_0_FirstPersonExampleMap.FirstPersonExampleMap up for play (max tick rate 0) at 2017.07.10-13.10.27
[2017.07.10-17.10.27:766][523]LogWorld: Bringing up level for play took: 0.002312
[2017.07.10-17.10.27:803][523]LogContentBrowser: Native class hierarchy updated for 'MovieSceneCapture' in 0.0004 seconds. Added 11 classes and 0 folders.
[2017.07.10-17.10.27:803][523]PIE: Info Play in editor start time for /Game/FirstPersonBP/Maps/UEDPIE_0_FirstPersonExampleMap 0.77
[2017.07.10-17.10.27:804][523]LogBlueprintUserMessages: Late PlayInEditor Detection: Level '/Game/FirstPersonBP/Maps/FirstPersonExampleMap.FirstPersonExampleMap:PersistentLevel' has LevelScriptBlueprint '/Game/FirstPersonBP/Maps/FirstPersonExampleMap.FirstPersonExampleMap:PersistentLevel.FirstPersonExampleMap' with GeneratedClass '/Game/FirstPersonBP/Maps/FirstPersonExampleMap.FirstPersonExampleMap_C' with ClassGeneratedBy '/Game/FirstPersonBP/Maps/FirstPersonExampleMap.FirstPersonExampleMap:PersistentLevel.FirstPersonExampleMap'
[2017.07.10-17.11.33:855][431]LogBlueprintUserMessages: Early EndPlayMap Detection: Level '/Game/FirstPersonBP/Maps/FirstPersonExampleMap.FirstPersonExampleMap:PersistentLevel' has LevelScriptBlueprint '/Game/FirstPersonBP/Maps/FirstPersonExampleMap.FirstPersonExampleMap:PersistentLevel.FirstPersonExampleMap' with GeneratedClass '/Game/FirstPersonBP/Maps/FirstPersonExampleMap.FirstPersonExampleMap_C' with ClassGeneratedBy '/Game/FirstPersonBP/Maps/FirstPersonExampleMap.FirstPersonExampleMap:PersistentLevel.FirstPersonExampleMap'
[2017.07.10-17.11.33:889][431]LogBlueprintUserMessages: Late EndPlayMap Detection: Level '/Game/FirstPersonBP/Maps/FirstPersonExampleMap.FirstPersonExampleMap:PersistentLevel' has LevelScriptBlueprint '/Game/FirstPersonBP/Maps/FirstPersonExampleMap.FirstPersonExampleMap:PersistentLevel.FirstPersonExampleMap' with GeneratedClass '/Game/FirstPersonBP/Maps/FirstPersonExampleMap.FirstPersonExampleMap_C' with ClassGeneratedBy '/Game/FirstPersonBP/Maps/FirstPersonExampleMap.FirstPersonExampleMap:PersistentLevel.FirstPersonExampleMap'
[2017.07.10-17.11.37:377][842]LogEditorViewport: Clicking on Actor (LMB): FirstPersonCharacter_C (FirstPersonCharacter)
[2017.07.10-17.12.12:956][903]LogTemp: Repeting last play command: Selected Viewport
[2017.07.10-17.12.12:968][903]LogBlueprintUserMessages: Early PlayInEditor Detection: Level '/Game/FirstPersonBP/Maps/FirstPersonExampleMap.FirstPersonExampleMap:PersistentLevel' has LevelScriptBlueprint '/Game/FirstPersonBP/Maps/FirstPersonExampleMap.FirstPersonExampleMap:PersistentLevel.FirstPersonExampleMap' with GeneratedClass '/Game/FirstPersonBP/Maps/FirstPersonExampleMap.FirstPersonExampleMap_C' with ClassGeneratedBy '/Game/FirstPersonBP/Maps/FirstPersonExampleMap.FirstPersonExampleMap:PersistentLevel.FirstPersonExampleMap'
[2017.07.10-17.12.12:968][903]LogPlayLevel: PlayLevel: No blueprints needed recompiling
[2017.07.10-17.12.12:968][903]PIE: New page: PIE session: FirstPersonExampleMap (Jul 10, 2017, 9:12:12 AM)
[2017.07.10-17.12.12:969][903]LogPlayLevel: Creating play world package: /Game/FirstPersonBP/Maps/UEDPIE_0_FirstPersonExampleMap
[2017.07.10-17.12.12:988][903]LogPlayLevel: PIE: StaticDuplicateObject took: (0.019362s)
[2017.07.10-17.12.12:989][903]LogAIModule: Creating AISystem for world FirstPersonExampleMap
[2017.07.10-17.12.12:990][903]LogPlayLevel: PIE: World Init took: (0.001595s)
[2017.07.10-17.12.12:990][903]LogPlayLevel: PIE: Created PIE world by copying editor world from /Game/FirstPersonBP/Maps/FirstPersonExampleMap.FirstPersonExampleMap to /Game/FirstPersonBP/Maps/UEDPIE_0_FirstPersonExampleMap.FirstPersonExampleMap (0.021289s)
[2017.07.10-17.12.13:043][903]LogInit: XAudio2 using 'Alienware2210 (Intel(R) Display Audio)' : 2 channels at 48 kHz using 16 bits per sample (channel mask 0x3)
[2017.07.10-17.12.13:048][903]LogInit: FAudioDevice initialized.
[2017.07.10-17.12.13:074][903]LogLoad: Game class is 'FirstPersonGameMode_C'
[2017.07.10-17.12.13:077][903]LogWorld: Bringing World /Game/FirstPersonBP/Maps/UEDPIE_0_FirstPersonExampleMap.FirstPersonExampleMap up for play (max tick rate 0) at 2017.07.10-13.12.13
[2017.07.10-17.12.13:077][903]LogWorld: Bringing up level for play took: 0.002232
[2017.07.10-17.12.13:078][903]PIE: Info Play in editor start time for /Game/FirstPersonBP/Maps/UEDPIE_0_FirstPersonExampleMap 0.046
[2017.07.10-17.12.13:078][903]LogBlueprintUserMessages: Late PlayInEditor Detection: Level '/Game/FirstPersonBP/Maps/FirstPersonExampleMap.FirstPersonExampleMap:PersistentLevel' has LevelScriptBlueprint '/Game/FirstPersonBP/Maps/FirstPersonExampleMap.FirstPersonExampleMap:PersistentLevel.FirstPersonExampleMap' with GeneratedClass '/Game/FirstPersonBP/Maps/FirstPersonExampleMap.FirstPersonExampleMap_C' with ClassGeneratedBy '/Game/FirstPersonBP/Maps/FirstPersonExampleMap.FirstPersonExampleMap:PersistentLevel.FirstPersonExampleMap'
[2017.07.10-17.12.16:927][361]LogBlueprintUserMessages: Early EndPlayMap Detection: Level '/Game/FirstPersonBP/Maps/FirstPersonExampleMap.FirstPersonExampleMap:PersistentLevel' has LevelScriptBlueprint '/Game/FirstPersonBP/Maps/FirstPersonExampleMap.FirstPersonExampleMap:PersistentLevel.FirstPersonExampleMap' with GeneratedClass '/Game/FirstPersonBP/Maps/FirstPersonExampleMap.FirstPersonExampleMap_C' with ClassGeneratedBy '/Game/FirstPersonBP/Maps/FirstPersonExampleMap.FirstPersonExampleMap:PersistentLevel.FirstPersonExampleMap'
[2017.07.10-17.12.16:993][361]LogBlueprintUserMessages: Late EndPlayMap Detection: Level '/Game/FirstPersonBP/Maps/FirstPersonExampleMap.FirstPersonExampleMap:PersistentLevel' has LevelScriptBlueprint '/Game/FirstPersonBP/Maps/FirstPersonExampleMap.FirstPersonExampleMap:PersistentLevel.FirstPersonExampleMap' with GeneratedClass '/Game/FirstPersonBP/Maps/FirstPersonExampleMap.FirstPersonExampleMap_C' with ClassGeneratedBy '/Game/FirstPersonBP/Maps/FirstPersonExampleMap.FirstPersonExampleMap:PersistentLevel.FirstPersonExampleMap'
[2017.07.10-17.12.26:893][519]LogTemp: Repeting last play command: Selected Viewport
[2017.07.10-17.12.26:899][519]LogBlueprintUserMessages: Early PlayInEditor Detection: Level '/Game/FirstPersonBP/Maps/FirstPersonExampleMap.FirstPersonExampleMap:PersistentLevel' has LevelScriptBlueprint '/Game/FirstPersonBP/Maps/FirstPersonExampleMap.FirstPersonExampleMap:PersistentLevel.FirstPersonExampleMap' with GeneratedClass '/Game/FirstPersonBP/Maps/FirstPersonExampleMap.FirstPersonExampleMap_C' with ClassGeneratedBy '/Game/FirstPersonBP/Maps/FirstPersonExampleMap.FirstPersonExampleMap:PersistentLevel.FirstPersonExampleMap'
[2017.07.10-17.12.26:899][519]LogPlayLevel: PlayLevel: No blueprints needed recompiling
[2017.07.10-17.12.26:899][519]PIE: New page: PIE session: FirstPersonExampleMap (Jul 10, 2017, 9:12:26 AM)
[2017.07.10-17.12.26:899][519]LogPlayLevel: Creating play world package: /Game/FirstPersonBP/Maps/UEDPIE_0_FirstPersonExampleMap
[2017.07.10-17.12.26:914][519]LogPlayLevel: PIE: StaticDuplicateObject took: (0.014713s)
[2017.07.10-17.12.26:914][519]LogAIModule: Creating AISystem for world FirstPersonExampleMap
[2017.07.10-17.12.26:915][519]LogPlayLevel: PIE: World Init took: (0.000777s)
[2017.07.10-17.12.26:915][519]LogPlayLevel: PIE: Created PIE world by copying editor world from /Game/FirstPersonBP/Maps/FirstPersonExampleMap.FirstPersonExampleMap to /Game/FirstPersonBP/Maps/UEDPIE_0_FirstPersonExampleMap.FirstPersonExampleMap (0.015762s)
[2017.07.10-17.12.26:973][519]LogInit: XAudio2 using 'Alienware2210 (Intel(R) Display Audio)' : 2 channels at 48 kHz using 16 bits per sample (channel mask 0x3)
[2017.07.10-17.12.26:978][519]LogInit: FAudioDevice initialized.
[2017.07.10-17.12.27:006][519]LogLoad: Game class is 'FirstPersonGameMode_C'
[2017.07.10-17.12.27:008][519]LogWorld: Bringing World /Game/FirstPersonBP/Maps/UEDPIE_0_FirstPersonExampleMap.FirstPersonExampleMap up for play (max tick rate 0) at 2017.07.10-13.12.27
[2017.07.10-17.12.27:008][519]LogWorld: Bringing up level for play took: 0.001959
[2017.07.10-17.12.27:009][519]PIE: Info Play in editor start time for /Game/FirstPersonBP/Maps/UEDPIE_0_FirstPersonExampleMap -0.023
[2017.07.10-17.12.27:009][519]LogBlueprintUserMessages: Late PlayInEditor Detection: Level '/Game/FirstPersonBP/Maps/FirstPersonExampleMap.FirstPersonExampleMap:PersistentLevel' has LevelScriptBlueprint '/Game/FirstPersonBP/Maps/FirstPersonExampleMap.FirstPersonExampleMap:PersistentLevel.FirstPersonExampleMap' with GeneratedClass '/Game/FirstPersonBP/Maps/FirstPersonExampleMap.FirstPersonExampleMap_C' with ClassGeneratedBy '/Game/FirstPersonBP/Maps/FirstPersonExampleMap.FirstPersonExampleMap:PersistentLevel.FirstPersonExampleMap'
[2017.07.10-17.12.55:887][980]LogBlueprintUserMessages: Early EndPlayMap Detection: Level '/Game/FirstPersonBP/Maps/FirstPersonExampleMap.FirstPersonExampleMap:PersistentLevel' has LevelScriptBlueprint '/Game/FirstPersonBP/Maps/FirstPersonExampleMap.FirstPersonExampleMap:PersistentLevel.FirstPersonExampleMap' with GeneratedClass '/Game/FirstPersonBP/Maps/FirstPersonExampleMap.FirstPersonExampleMap_C' with ClassGeneratedBy '/Game/FirstPersonBP/Maps/FirstPersonExampleMap.FirstPersonExampleMap:PersistentLevel.FirstPersonExampleMap'
[2017.07.10-17.12.55:949][980]LogBlueprintUserMessages: Late EndPlayMap Detection: Level '/Game/FirstPersonBP/Maps/FirstPersonExampleMap.FirstPersonExampleMap:PersistentLevel' has LevelScriptBlueprint '/Game/FirstPersonBP/Maps/FirstPersonExampleMap.FirstPersonExampleMap:PersistentLevel.FirstPersonExampleMap' with GeneratedClass '/Game/FirstPersonBP/Maps/FirstPersonExampleMap.FirstPersonExampleMap_C' with ClassGeneratedBy '/Game/FirstPersonBP/Maps/FirstPersonExampleMap.FirstPersonExampleMap:PersistentLevel.FirstPersonExampleMap'
[2017.07.10-17.13.27:052][519]LogEditorViewport: Clicking on Actor (context menu): StaticMeshActor (Floor)
[2017.07.10-17.13.29:140][731]LogTemp: Repeting last play command: Selected Viewport
[2017.07.10-17.13.29:150][731]LogBlueprintUserMessages: Early PlayInEditor Detection: Level '/Game/FirstPersonBP/Maps/FirstPersonExampleMap.FirstPersonExampleMap:PersistentLevel' has LevelScriptBlueprint '/Game/FirstPersonBP/Maps/FirstPersonExampleMap.FirstPersonExampleMap:PersistentLevel.FirstPersonExampleMap' with GeneratedClass '/Game/FirstPersonBP/Maps/FirstPersonExampleMap.FirstPersonExampleMap_C' with ClassGeneratedBy '/Game/FirstPersonBP/Maps/FirstPersonExampleMap.FirstPersonExampleMap:PersistentLevel.FirstPersonExampleMap'
[2017.07.10-17.13.29:150][731]LogPlayLevel: PlayLevel: No blueprints needed recompiling
[2017.07.10-17.13.29:150][731]PIE: New page: PIE session: FirstPersonExampleMap (Jul 10, 2017, 9:13:29 AM)
[2017.07.10-17.13.29:150][731]LogPlayLevel: Creating play world package: /Game/FirstPersonBP/Maps/UEDPIE_0_FirstPersonExampleMap
[2017.07.10-17.13.29:166][731]LogPlayLevel: PIE: StaticDuplicateObject took: (0.015763s)
[2017.07.10-17.13.29:167][731]LogAIModule: Creating AISystem for world FirstPersonExampleMap
[2017.07.10-17.13.29:167][731]LogPlayLevel: PIE: World Init took: (0.000745s)
[2017.07.10-17.13.29:167][731]LogPlayLevel: PIE: Created PIE world by copying editor world from /Game/FirstPersonBP/Maps/FirstPersonExampleMap.FirstPersonExampleMap to /Game/FirstPersonBP/Maps/UEDPIE_0_FirstPersonExampleMap.FirstPersonExampleMap (0.016766s)
[2017.07.10-17.13.29:197][731]LogInit: XAudio2 using 'Alienware2210 (Intel(R) Display Audio)' : 2 channels at 48 kHz using 16 bits per sample (channel mask 0x3)
[2017.07.10-17.13.29:202][731]LogInit: FAudioDevice initialized.
[2017.07.10-17.13.29:235][731]LogLoad: Game class is 'FirstPersonGameMode_C'
[2017.07.10-17.13.29:237][731]LogWorld: Bringing World /Game/FirstPersonBP/Maps/UEDPIE_0_FirstPersonExampleMap.FirstPersonExampleMap up for play (max tick rate 0) at 2017.07.10-13.13.29
[2017.07.10-17.13.29:237][731]LogWorld: Bringing up level for play took: 0.002010
[2017.07.10-17.13.29:238][731]PIE: Info Play in editor start time for /Game/FirstPersonBP/Maps/UEDPIE_0_FirstPersonExampleMap 0.206
[2017.07.10-17.13.29:238][731]LogBlueprintUserMessages: Late PlayInEditor Detection: Level '/Game/FirstPersonBP/Maps/FirstPersonExampleMap.FirstPersonExampleMap:PersistentLevel' has LevelScriptBlueprint '/Game/FirstPersonBP/Maps/FirstPersonExampleMap.FirstPersonExampleMap:PersistentLevel.FirstPersonExampleMap' with GeneratedClass '/Game/FirstPersonBP/Maps/FirstPersonExampleMap.FirstPersonExampleMap_C' with ClassGeneratedBy '/Game/FirstPersonBP/Maps/FirstPersonExampleMap.FirstPersonExampleMap:PersistentLevel.FirstPersonExampleMap'
[2017.07.10-17.13.41:056][145]LogSpawn:Warning: SpawnActor failed because of collision at the spawn location [X=-1662.875 Y=73.556 Z=148.120] for [FirstPersonProjectile_C]
[2017.07.10-17.13.56:462][993]LogSpawn:Warning: SpawnActor failed because of collision at the spawn location [X=123.459 Y=-331.869 Z=148.934] for [FirstPersonProjectile_C]
[2017.07.10-17.13.56:655][ 16]LogSpawn:Warning: SpawnActor failed because of collision at the spawn location [X=234.257 Y=-374.838 Z=152.022] for [FirstPersonProjectile_C]
[2017.07.10-17.13.56:795][ 33]LogSpawn:Warning: SpawnActor failed because of collision at the spawn location [X=313.402 Y=-403.768 Z=153.729] for [FirstPersonProjectile_C]
[2017.07.10-17.13.56:931][ 49]LogSpawn:Warning: SpawnActor failed because of collision at the spawn location [X=389.618 Y=-430.616 Z=153.931] for [FirstPersonProjectile_C]
[2017.07.10-17.13.57:092][ 68]LogSpawn:Warning: SpawnActor failed because of collision at the spawn location [X=493.124 Y=-437.808 Z=155.909] for [FirstPersonProjectile_C]
[2017.07.10-17.13.57:848][159]LogBlueprintUserMessages: Early EndPlayMap Detection: Level '/Game/FirstPersonBP/Maps/FirstPersonExampleMap.FirstPersonExampleMap:PersistentLevel' has LevelScriptBlueprint '/Game/FirstPersonBP/Maps/FirstPersonExampleMap.FirstPersonExampleMap:PersistentLevel.FirstPersonExampleMap' with GeneratedClass '/Game/FirstPersonBP/Maps/FirstPersonExampleMap.FirstPersonExampleMap_C' with ClassGeneratedBy '/Game/FirstPersonBP/Maps/FirstPersonExampleMap.FirstPersonExampleMap:PersistentLevel.FirstPersonExampleMap'
[2017.07.10-17.13.57:895][159]LogBlueprintUserMessages: Late EndPlayMap Detection: Level '/Game/FirstPersonBP/Maps/FirstPersonExampleMap.FirstPersonExampleMap:PersistentLevel' has LevelScriptBlueprint '/Game/FirstPersonBP/Maps/FirstPersonExampleMap.FirstPersonExampleMap:PersistentLevel.FirstPersonExampleMap' with GeneratedClass '/Game/FirstPersonBP/Maps/FirstPersonExampleMap.FirstPersonExampleMap_C' with ClassGeneratedBy '/Game/FirstPersonBP/Maps/FirstPersonExampleMap.FirstPersonExampleMap:PersistentLevel.FirstPersonExampleMap'
[2017.07.10-17.14.08:585][417]LogEditorViewport: Clicking on Actor (LMB): FirstPersonCharacter_C (FirstPersonCharacter)
[2017.07.10-17.16.19:442][145]LogTemp: Repeting last play command: Selected Viewport
[2017.07.10-17.16.19:454][145]LogBlueprintUserMessages: Early PlayInEditor Detection: Level '/Game/FirstPersonBP/Maps/FirstPersonExampleMap.FirstPersonExampleMap:PersistentLevel' has LevelScriptBlueprint '/Game/FirstPersonBP/Maps/FirstPersonExampleMap.FirstPersonExampleMap:PersistentLevel.FirstPersonExampleMap' with GeneratedClass '/Game/FirstPersonBP/Maps/FirstPersonExampleMap.FirstPersonExampleMap_C' with ClassGeneratedBy '/Game/FirstPersonBP/Maps/FirstPersonExampleMap.FirstPersonExampleMap:PersistentLevel.FirstPersonExampleMap'
[2017.07.10-17.16.19:454][145]LogPlayLevel: PlayLevel: No blueprints needed recompiling
[2017.07.10-17.16.19:454][145]PIE: New page: PIE session: FirstPersonExampleMap (Jul 10, 2017, 9:16:19 AM)
[2017.07.10-17.16.19:454][145]LogPlayLevel: Creating play world package: /Game/FirstPersonBP/Maps/UEDPIE_0_FirstPersonExampleMap
[2017.07.10-17.16.19:472][145]LogPlayLevel: PIE: StaticDuplicateObject took: (0.018358s)
[2017.07.10-17.16.19:473][145]LogAIModule: Creating AISystem for world FirstPersonExampleMap
[2017.07.10-17.16.19:473][145]LogPlayLevel: PIE: World Init took: (0.000897s)
[2017.07.10-17.16.19:473][145]LogPlayLevel: PIE: Created PIE world by copying editor world from /Game/FirstPersonBP/Maps/FirstPersonExampleMap.FirstPersonExampleMap to /Game/FirstPersonBP/Maps/UEDPIE_0_FirstPersonExampleMap.FirstPersonExampleMap (0.019561s)
[2017.07.10-17.16.19:531][145]LogInit: XAudio2 using 'Alienware2210 (Intel(R) Display Audio)' : 2 channels at 48 kHz using 16 bits per sample (channel mask 0x3)
[2017.07.10-17.16.19:535][145]LogInit: FAudioDevice initialized.
[2017.07.10-17.16.19:565][145]LogLoad: Game class is 'FirstPersonGameMode_C'
[2017.07.10-17.16.19:567][145]LogWorld: Bringing World /Game/FirstPersonBP/Maps/UEDPIE_0_FirstPersonExampleMap.FirstPersonExampleMap up for play (max tick rate 0) at 2017.07.10-13.16.19
[2017.07.10-17.16.19:567][145]LogWorld: Bringing up level for play took: 0.002097
[2017.07.10-17.16.19:568][145]PIE: Info Play in editor start time for /Game/FirstPersonBP/Maps/UEDPIE_0_FirstPersonExampleMap 0.539
[2017.07.10-17.16.19:568][145]LogBlueprintUserMessages: Late PlayInEditor Detection: Level '/Game/FirstPersonBP/Maps/FirstPersonExampleMap.FirstPersonExampleMap:PersistentLevel' has LevelScriptBlueprint '/Game/FirstPersonBP/Maps/FirstPersonExampleMap.FirstPersonExampleMap:PersistentLevel.FirstPersonExampleMap' with GeneratedClass '/Game/FirstPersonBP/Maps/FirstPersonExampleMap.FirstPersonExampleMap_C' with ClassGeneratedBy '/Game/FirstPersonBP/Maps/FirstPersonExampleMap.FirstPersonExampleMap:PersistentLevel.FirstPersonExampleMap'
[2017.07.10-17.16.38:426][403]LogBlueprintUserMessages: Early EndPlayMap Detection: Level '/Game/FirstPersonBP/Maps/FirstPersonExampleMap.FirstPersonExampleMap:PersistentLevel' has LevelScriptBlueprint '/Game/FirstPersonBP/Maps/FirstPersonExampleMap.FirstPersonExampleMap:PersistentLevel.FirstPersonExampleMap' with GeneratedClass '/Game/FirstPersonBP/Maps/FirstPersonExampleMap.FirstPersonExampleMap_C' with ClassGeneratedBy '/Game/FirstPersonBP/Maps/FirstPersonExampleMap.FirstPersonExampleMap:PersistentLevel.FirstPersonExampleMap'
[2017.07.10-17.16.38:484][403]LogBlueprintUserMessages: Late EndPlayMap Detection: Level '/Game/FirstPersonBP/Maps/FirstPersonExampleMap.FirstPersonExampleMap:PersistentLevel' has LevelScriptBlueprint '/Game/FirstPersonBP/Maps/FirstPersonExampleMap.FirstPersonExampleMap:PersistentLevel.FirstPersonExampleMap' with GeneratedClass '/Game/FirstPersonBP/Maps/FirstPersonExampleMap.FirstPersonExampleMap_C' with ClassGeneratedBy '/Game/FirstPersonBP/Maps/FirstPersonExampleMap.FirstPersonExampleMap:PersistentLevel.FirstPersonExampleMap'
[2017.07.10-17.17.30:477][435]LogTemp: Repeting last play command: Selected Viewport
[2017.07.10-17.17.30:483][435]LogBlueprintUserMessages: Early PlayInEditor Detection: Level '/Game/FirstPersonBP/Maps/FirstPersonExampleMap.FirstPersonExampleMap:PersistentLevel' has LevelScriptBlueprint '/Game/FirstPersonBP/Maps/FirstPersonExampleMap.FirstPersonExampleMap:PersistentLevel.FirstPersonExampleMap' with GeneratedClass '/Game/FirstPersonBP/Maps/FirstPersonExampleMap.FirstPersonExampleMap_C' with ClassGeneratedBy '/Game/FirstPersonBP/Maps/FirstPersonExampleMap.FirstPersonExampleMap:PersistentLevel.FirstPersonExampleMap'
[2017.07.10-17.17.30:483][435]LogPlayLevel: PlayLevel: No blueprints needed recompiling
[2017.07.10-17.17.30:483][435]PIE: New page: PIE session: FirstPersonExampleMap (Jul 10, 2017, 9:17:30 AM)
[2017.07.10-17.17.30:483][435]LogPlayLevel: Creating play world package: /Game/FirstPersonBP/Maps/UEDPIE_0_FirstPersonExampleMap
[2017.07.10-17.17.30:499][435]LogPlayLevel: PIE: StaticDuplicateObject took: (0.015714s)
[2017.07.10-17.17.30:499][435]LogAIModule: Creating AISystem for world FirstPersonExampleMap
[2017.07.10-17.17.30:500][435]LogPlayLevel: PIE: World Init took: (0.000839s)
[2017.07.10-17.17.30:500][435]LogPlayLevel: PIE: Created PIE world by copying editor world from /Game/FirstPersonBP/Maps/FirstPersonExampleMap.FirstPersonExampleMap to /Game/FirstPersonBP/Maps/UEDPIE_0_FirstPersonExampleMap.FirstPersonExampleMap (0.016813s)
[2017.07.10-17.17.30:559][435]LogInit: XAudio2 using 'Alienware2210 (Intel(R) Display Audio)' : 2 channels at 48 kHz using 16 bits per sample (channel mask 0x3)
[2017.07.10-17.17.30:564][435]LogInit: FAudioDevice initialized.
[2017.07.10-17.17.30:591][435]LogLoad: Game class is 'FirstPersonGameMode_C'
[2017.07.10-17.17.30:593][435]LogWorld: Bringing World /Game/FirstPersonBP/Maps/UEDPIE_0_FirstPersonExampleMap.FirstPersonExampleMap up for play (max tick rate 0) at 2017.07.10-13.17.30
[2017.07.10-17.17.30:594][435]LogWorld: Bringing up level for play took: 0.002051
[2017.07.10-17.17.30:595][435]PIE: Info Play in editor start time for /Game/FirstPersonBP/Maps/UEDPIE_0_FirstPersonExampleMap -0.433
[2017.07.10-17.17.30:595][435]LogBlueprintUserMessages: Late PlayInEditor Detection: Level '/Game/FirstPersonBP/Maps/FirstPersonExampleMap.FirstPersonExampleMap:PersistentLevel' has LevelScriptBlueprint '/Game/FirstPersonBP/Maps/FirstPersonExampleMap.FirstPersonExampleMap:PersistentLevel.FirstPersonExampleMap' with GeneratedClass '/Game/FirstPersonBP/Maps/FirstPersonExampleMap.FirstPersonExampleMap_C' with ClassGeneratedBy '/Game/FirstPersonBP/Maps/FirstPersonExampleMap.FirstPersonExampleMap:PersistentLevel.FirstPersonExampleMap'
[2017.07.10-17.17.47:626][475]LogBlueprintUserMessages: Early EndPlayMap Detection: Level '/Game/FirstPersonBP/Maps/FirstPersonExampleMap.FirstPersonExampleMap:PersistentLevel' has LevelScriptBlueprint '/Game/FirstPersonBP/Maps/FirstPersonExampleMap.FirstPersonExampleMap:PersistentLevel.FirstPersonExampleMap' with GeneratedClass '/Game/FirstPersonBP/Maps/FirstPersonExampleMap.FirstPersonExampleMap_C' with ClassGeneratedBy '/Game/FirstPersonBP/Maps/FirstPersonExampleMap.FirstPersonExampleMap:PersistentLevel.FirstPersonExampleMap'
[2017.07.10-17.17.47:690][475]LogBlueprintUserMessages: Late EndPlayMap Detection: Level '/Game/FirstPersonBP/Maps/FirstPersonExampleMap.FirstPersonExampleMap:PersistentLevel' has LevelScriptBlueprint '/Game/FirstPersonBP/Maps/FirstPersonExampleMap.FirstPersonExampleMap:PersistentLevel.FirstPersonExampleMap' with GeneratedClass '/Game/FirstPersonBP/Maps/FirstPersonExampleMap.FirstPersonExampleMap_C' with ClassGeneratedBy '/Game/FirstPersonBP/Maps/FirstPersonExampleMap.FirstPersonExampleMap:PersistentLevel.FirstPersonExampleMap'
[2017.07.10-17.18.01:299][497]LogSavePackage: Save=74.93ms
[2017.07.10-17.18.01:300][497]LogSavePackage: Moving 'D:/New folder/Project_Beta1/Saved/FirstPersonExampleMapFCB8AB8446CAAB804120C7A5A4C5E6CF.tmp' to 'D:/New folder/Project_Beta1/Content/FirstPersonBP/Maps/FirstPersonExampleMap.umap'
[2017.07.10-17.18.01:304][497]LogSavePackage:Display: Finished SavePackage D:/New folder/Project_Beta1/Content/FirstPersonBP/Maps/FirstPersonExampleMap.umap
[2017.07.10-17.18.01:319][497]LogFileHelpers: Saving map 'FirstPersonExampleMap' took 0.160
[2017.07.10-17.18.01:570][498]Cmd: QUIT_EDITOR
[2017.07.10-17.18.02:323][498]LogWindowsTextInputMethodSystem:Display: IME system now deactivated.
[2017.07.10-17.18.02:345][498]LogExit: Preparing to exit.
[2017.07.10-17.18.03:489][498]LogExit: Editor shut down
[2017.07.10-17.18.03:490][498]LogExit: Transaction tracking system shut down
[2017.07.10-17.18.03:581][498]LogObj: Freed 0b from 0 cluster array pools.
[2017.07.10-17.18.03:581][498]LogExit: Object subsystem successfully closed.
[2017.07.10-17.18.03:602][498]LogD3D11RHI: Shutdown
[2017.07.10-17.18.03:602][498]LogD3D11RHI: CleanupD3DDevice
[2017.07.10-17.18.03:685][498]LogD3D11RHI: ~FD3D11DynamicRHI
[2017.07.10-17.18.03:699][498]LogHttp:Display: Http module shutting down, but needs to wait on 1 outstanding Http requests:
[2017.07.10-17.18.03:699][498]LogHttp:Display: 	verb=[POST] url=[https://datarouter.ol.epicgames.com/datarouter/api/v1/public/data?SessionID=%7B03DA0A7F-4A54-CCF1-F712-FD8A62B9C664%7D&AppID=UEEditor.Rocket.Release&AppVersion=4.14.3-3249277%2B%2B%2BUE4%2BRelease-4.14&UserID=822a24ed4865cb29cef75ea46c8807bb%7C6a006f7ddbb042c5ae5d7522e0ce1a62%7Ca59d3b82-35a8-4791-a9a2-916a193a2c3c&AppEnvironment=datacollector-binary&UploadType=eteventstream] status=Processing
[2017.07.10-17.18.03:702][498]LogModuleManager: Shutting down and abandoning module MovieSceneCapture (242)
[2017.07.10-17.18.03:702][498]LogModuleManager: Shutting down and abandoning module HierarchicalLODOutliner (241)
[2017.07.10-17.18.03:702][498]LogModuleManager: Shutting down and abandoning module CrashTracker (240)
[2017.07.10-17.18.03:702][498]LogModuleManager: Shutting down and abandoning module SceneOutliner (239)
[2017.07.10-17.18.03:702][498]LogModuleManager: Shutting down and abandoning module WidgetCarousel (238)
[2017.07.10-17.18.03:702][498]LogModuleManager: Shutting down and abandoning module AddContentDialog (237)
[2017.07.10-17.18.03:702][498]LogDirectoryWatcher: A directory notification for 'C:/Program Files (x86)/Epic Games/4.14/FeaturePacks/' was aborted.
[2017.07.10-17.18.03:702][498]LogModuleManager: Shutting down and abandoning module GameplayTags (236)
[2017.07.10-17.18.03:702][498]LogModuleManager: Shutting down and abandoning module EditorWidgets (235)
[2017.07.10-17.18.03:703][498]LogModuleManager: Shutting down and abandoning module CollectionManager (234)
[2017.07.10-17.18.03:703][498]LogDirectoryWatcher: A directory notification for 'D:/New folder/Project_Beta1/Content/Collections/' was aborted.
[2017.07.10-17.18.03:703][498]LogDirectoryWatcher: A directory notification for 'D:/New folder/Project_Beta1/Content/Developers/IGMAdmin/Collections/' was aborted.
[2017.07.10-17.18.03:703][498]LogDirectoryWatcher: A directory notification for 'D:/New folder/Project_Beta1/Saved/Collections/' was aborted.
[2017.07.10-17.18.03:703][498]LogModuleManager: Shutting down and abandoning module StatsViewer (233)
[2017.07.10-17.18.03:703][498]LogModuleManager: Shutting down and abandoning module FoliageEdit (232)
[2017.07.10-17.18.03:703][498]LogModuleManager: Shutting down and abandoning module LandscapeEditor (231)
[2017.07.10-17.18.03:703][498]LogModuleManager: Shutting down and abandoning module SceneDepthPickerMode (230)
[2017.07.10-17.18.03:703][498]LogModuleManager: Shutting down and abandoning module ActorPickerMode (229)
[2017.07.10-17.18.03:703][498]LogModuleManager: Shutting down and abandoning module GeometryMode (228)
[2017.07.10-17.18.03:703][498]LogModuleManager: Shutting down and abandoning module TextureAlignMode (227)
[2017.07.10-17.18.03:703][498]LogModuleManager: Shutting down and abandoning module BspMode (226)
[2017.07.10-17.18.03:703][498]LogModuleManager: Shutting down and abandoning module HardwareSurvey (225)
[2017.07.10-17.18.03:703][498]LogModuleManager: Shutting down and abandoning module SequenceRecorderSections (224)
[2017.07.10-17.18.03:703][498]LogModuleManager: Shutting down and abandoning module AutomationWorker (223)
[2017.07.10-17.18.03:703][498]LogModuleManager: Shutting down and abandoning module MatineeToLevelSequence (222)
[2017.07.10-17.18.03:703][498]LogModuleManager: Shutting down and abandoning module PlacementMode (221)
[2017.07.10-17.18.03:703][498]LogModuleManager: Shutting down and abandoning module LevelSequenceEditor (220)
[2017.07.10-17.18.03:703][498]LogModuleManager: Shutting down and abandoning module WmfMediaFactory (219)
[2017.07.10-17.18.03:703][498]LogModuleManager: Shutting down and abandoning module WmfMediaEditor (218)
[2017.07.10-17.18.03:703][498]LogModuleManager: Shutting down and abandoning module AvfMediaFactory (217)
[2017.07.10-17.18.03:703][498]LogModuleManager: Shutting down and abandoning module AvfMediaEditor (216)
[2017.07.10-17.18.03:703][498]LogModuleManager: Shutting down and abandoning module Media (215)
[2017.07.10-17.18.03:703][498]LogModuleManager: Shutting down and abandoning module AndroidMediaFactory (214)
[2017.07.10-17.18.03:703][498]LogModuleManager: Shutting down and abandoning module AndroidMediaEditor (213)
[2017.07.10-17.18.03:703][498]LogModuleManager: Shutting down and abandoning module CharacterAI (212)
[2017.07.10-17.18.03:703][498]LogModuleManager: Shutting down and abandoning module SequenceRecorder (211)
[2017.07.10-17.18.03:703][498]LogModuleManager: Shutting down and abandoning module AudioCapture (210)
[2017.07.10-17.18.03:703][498]LogModuleManager: Shutting down and abandoning module SmartSnapping (209)
[2017.07.10-17.18.03:703][498]LogModuleManager: Shutting down and abandoning module SessionServices (208)
[2017.07.10-17.18.03:703][498]LogModuleManager: Shutting down and abandoning module ViewportSnapping (207)
[2017.07.10-17.18.03:703][498]LogModuleManager: Shutting down and abandoning module ViewportInteraction (206)
[2017.07.10-17.18.03:703][498]LogModuleManager: Shutting down and abandoning module LogVisualizer (205)
[2017.07.10-17.18.03:703][498]LogModuleManager: Shutting down and abandoning module GameProjectGeneration (204)
[2017.07.10-17.18.03:703][498]LogModuleManager: Shutting down and abandoning module IntroTutorials (203)
[2017.07.10-17.18.03:703][498]LogModuleManager: Shutting down and abandoning module EditorLiveStreaming (202)
[2017.07.10-17.18.03:703][498]LogModuleManager: Shutting down and abandoning module IOSPlatformEditor (201)
[2017.07.10-17.18.03:703][498]LogModuleManager: Shutting down and abandoning module HTML5PlatformEditor (200)
[2017.07.10-17.18.03:703][498]LogModuleManager: Shutting down and abandoning module AndroidDeviceDetection (199)
[2017.07.10-17.18.04:393][498]LogModuleManager: Shutting down and abandoning module AndroidPlatformEditor (198)
[2017.07.10-17.18.04:393][498]LogModuleManager: Shutting down and abandoning module IOSRuntimeSettings (197)
[2017.07.10-17.18.04:393][498]LogModuleManager: Shutting down and abandoning module AndroidRuntimeSettings (196)
[2017.07.10-17.18.04:393][498]LogModuleManager: Shutting down and abandoning module InputBindingEditor (195)
[2017.07.10-17.18.04:393][498]LogModuleManager: Shutting down and abandoning module NiagaraEditor (194)
[2017.07.10-17.18.04:393][498]LogModuleManager: Shutting down and abandoning module MergeActors (193)
[2017.07.10-17.18.04:393][498]LogModuleManager: Shutting down and abandoning module SizeMap (192)
[2017.07.10-17.18.04:393][498]LogModuleManager: Shutting down and abandoning module TreeMap (191)
[2017.07.10-17.18.04:393][498]LogModuleManager: Shutting down and abandoning module ReferenceViewer (190)
[2017.07.10-17.18.04:393][498]LogModuleManager: Shutting down and abandoning module LocalizationService (189)
[2017.07.10-17.18.04:393][498]LogModuleManager: Shutting down and abandoning module LocalizationDashboard (188)
[2017.07.10-17.18.04:393][498]LogModuleManager: Shutting down and abandoning module HardwareTargeting (187)
[2017.07.10-17.18.04:393][498]LogModuleManager: Shutting down and abandoning module DeviceProfileEditor (186)
[2017.07.10-17.18.04:393][498]LogModuleManager: Shutting down and abandoning module UndoHistory (185)
[2017.07.10-17.18.04:393][498]LogModuleManager: Shutting down and abandoning module UserFeedback (184)
[2017.07.10-17.18.04:393][498]LogModuleManager: Shutting down and abandoning module XmlParser (183)
[2017.07.10-17.18.04:393][498]LogModuleManager: Shutting down and abandoning module Blutility (182)
[2017.07.10-17.18.04:393][498]LogModuleManager: Shutting down and abandoning module ProjectTargetPlatformEditor (181)
[2017.07.10-17.18.04:394][498]LogModuleManager: Shutting down and abandoning module ProjectSettingsViewer (180)
[2017.07.10-17.18.04:394][498]LogModuleManager: Shutting down and abandoning module EditorSettingsViewer (179)
[2017.07.10-17.18.04:394][498]LogModuleManager: Shutting down and abandoning module SettingsEditor (178)
[2017.07.10-17.18.04:394][498]LogModuleManager: Shutting down and abandoning module ProjectLauncher (177)
[2017.07.10-17.18.04:394][498]LogModuleManager: Shutting down and abandoning module SessionFrontend (176)
[2017.07.10-17.18.04:394][498]LogModuleManager: Shutting down and abandoning module ProfilerClient (175)
[2017.07.10-17.18.04:394][498]LogModuleManager: Shutting down and abandoning module TargetDeviceServices (174)
[2017.07.10-17.18.04:394][498]LogModuleManager: Shutting down and abandoning module DeviceManager (173)
[2017.07.10-17.18.04:458][498]LogModuleManager: Shutting down and abandoning module AutomationController (172)
[2017.07.10-17.18.04:458][498]LogModuleManager: Shutting down and abandoning module AutomationWindow (171)
[2017.07.10-17.18.04:459][498]LogModuleManager: Shutting down and abandoning module Layers (170)
[2017.07.10-17.18.04:459][498]LogModuleManager: Shutting down and abandoning module ComponentVisualizers (169)
[2017.07.10-17.18.04:459][498]LogModuleManager: Shutting down and abandoning module DetailCustomizations (168)
[2017.07.10-17.18.04:459][498]LogModuleManager: Shutting down and abandoning module PackagesDialog (167)
[2017.07.10-17.18.04:459][498]LogModuleManager: Shutting down and abandoning module AnimGraph (166)
[2017.07.10-17.18.04:459][498]LogModuleManager: Shutting down and abandoning module Persona (165)
[2017.07.10-17.18.04:459][498]LogModuleManager: Shutting down and abandoning module Kismet (164)
[2017.07.10-17.18.04:459][498]LogModuleManager: Shutting down and abandoning module GraphEditor (163)
[2017.07.10-17.18.04:460][498]LogModuleManager: Shutting down and abandoning module ClassViewer (162)
[2017.07.10-17.18.04:461][498]LogModuleManager: Shutting down and abandoning module Toolbox (161)
[2017.07.10-17.18.04:461][498]LogModuleManager: Shutting down and abandoning module ModuleUI (160)
[2017.07.10-17.18.04:461][498]LogModuleManager: Shutting down and abandoning module MovieSceneTools (159)
[2017.07.10-17.18.04:461][498]LogModuleManager: Shutting down and abandoning module OutputLog (158)
[2017.07.10-17.18.04:461][498]LogModuleManager: Shutting down and abandoning module GammaUI (157)
[2017.07.10-17.18.04:461][498]LogModuleManager: Shutting down and abandoning module Documentation (156)
[2017.07.10-17.18.04:461][498]LogModuleManager: Shutting down and abandoning module Niagara (155)
[2017.07.10-17.18.04:461][498]LogModuleManager: Shutting down and abandoning module StreamingPauseRendering (154)
[2017.07.10-17.18.04:461][498]LogModuleManager: Shutting down and abandoning module AnalyticsET (153)
[2017.07.10-17.18.04:461][498]LogModuleManager: Shutting down and abandoning module PortalServices (152)
[2017.07.10-17.18.04:461][498]LogModuleManager: Shutting down and abandoning module PortalRpc (151)
[2017.07.10-17.18.04:461][498]LogModuleManager: Shutting down and abandoning module MessagingRpc (150)
[2017.07.10-17.18.04:461][498]LogModuleManager: Shutting down and abandoning module GameplayDebugger (149)
[2017.07.10-17.18.04:461][498]LogModuleManager: Shutting down and abandoning module AITestSuite (148)
[2017.07.10-17.18.04:461][498]LogModuleManager: Shutting down and abandoning module AIModule (147)
[2017.07.10-17.18.04:461][498]LogModuleManager: Shutting down and abandoning module ProfilerService (146)
[2017.07.10-17.18.04:526][498]LogModuleManager: Shutting down and abandoning module TaskGraph (145)
[2017.07.10-17.18.04:526][498]LogModuleManager: Shutting down and abandoning module SlateRemote (144)
[2017.07.10-17.18.04:526][498]LogModuleManager: Shutting down and abandoning module SteamVRController (143)
[2017.07.10-17.18.04:526][498]LogModuleManager: Shutting down and abandoning module SteamVR (142)
[2017.07.10-17.18.04:526][498]LogModuleManager: Shutting down and abandoning module ProceduralMeshComponentEditor (141)
[2017.07.10-17.18.04:526][498]LogModuleManager: Shutting down and abandoning module ProceduralMeshComponent (140)
[2017.07.10-17.18.04:526][498]LogModuleManager: Shutting down and abandoning module OculusLibrary (139)
[2017.07.10-17.18.04:526][498]LogModuleManager: Shutting down and abandoning module OculusInput (138)
[2017.07.10-17.18.04:526][498]LogModuleManager: Shutting down and abandoning module MobilePatchingUtils (137)
[2017.07.10-17.18.04:526][498]LogModuleManager: Shutting down and abandoning module CustomMeshComponent (136)
[2017.07.10-17.18.04:526][498]LogModuleManager: Shutting down and abandoning module CableComponent (135)
[2017.07.10-17.18.04:526][498]LogModuleManager: Shutting down and abandoning module ArchVisCharacter (134)
[2017.07.10-17.18.04:526][498]LogModuleManager: Shutting down and abandoning module MediaPlayerEditor (132)
[2017.07.10-17.18.04:526][498]LogModuleManager: Shutting down and abandoning module HTML5Networking (131)
[2017.07.10-17.18.04:526][498]LogModuleManager: Shutting down and abandoning module GeometryCacheEd (130)
[2017.07.10-17.18.04:526][498]LogModuleManager: Shutting down and abandoning module GeometryCache (129)
[2017.07.10-17.18.04:526][498]LogModuleManager: Shutting down and abandoning module AlembicLibrary (128)
[2017.07.10-17.18.04:526][498]LogModuleManager: Shutting down and abandoning module AlembicImporter (127)
[2017.07.10-17.18.04:526][498]LogModuleManager: Shutting down and abandoning module SuperSearch (126)
[2017.07.10-17.18.04:526][498]LogModuleManager: Shutting down and abandoning module SuperSearchEditor (125)
[2017.07.10-17.18.04:526][498]LogModuleManager: Shutting down and abandoning module SpeedTreeImporter (124)
[2017.07.10-17.18.04:526][498]LogModuleManager: Shutting down and abandoning module PluginBrowser (123)
[2017.07.10-17.18.04:526][498]LogModuleManager: Shutting down and abandoning module MobileLauncherProfileWizard (122)
[2017.07.10-17.18.04:526][498]LogModuleManager: Shutting down and abandoning module EpicSurvey (121)
[2017.07.10-17.18.04:526][498]LogModuleManager: Shutting down and abandoning module DesktopPlatform (120)
[2017.07.10-17.18.04:526][498]LogModuleManager: Shutting down and abandoning module VisualStudioSourceCodeAccess (119)
[2017.07.10-17.18.04:526][498]LogModuleManager: Shutting down and abandoning module UObjectPlugin (118)
[2017.07.10-17.18.04:526][498]LogModuleManager: Shutting down and abandoning module SubversionSourceControl (117)
[2017.07.10-17.18.04:526][498]LogModuleManager: Shutting down and abandoning module PerforceSourceControl (116)
[2017.07.10-17.18.04:526][498]LogModuleManager: Shutting down and abandoning module SourceControl (115)
[2017.07.10-17.18.04:526][498]LogModuleManager: Shutting down and abandoning module GitSourceControl (114)
[2017.07.10-17.18.04:526][498]LogModuleManager: Shutting down and abandoning module LightPropagationVolumeEditor (113)
[2017.07.10-17.18.04:526][498]LogModuleManager: Shutting down and abandoning module PaperTiledImporter (112)
[2017.07.10-17.18.04:526][498]LogModuleManager: Shutting down and abandoning module PaperSpriteSheetImporter (111)
[2017.07.10-17.18.04:526][498]LogModuleManager: Shutting down and abandoning module MeshPaint (110)
[2017.07.10-17.18.04:527][498]LogModuleManager: Shutting down and abandoning module PixelInspectorModule (109)
[2017.07.10-17.18.04:527][498]LogModuleManager: Shutting down and abandoning module HotReload (108)
[2017.07.10-17.18.04:527][498]LogModuleManager: Shutting down and abandoning module MainFrame (107)
[2017.07.10-17.18.04:527][498]LogModuleManager: Shutting down and abandoning module LevelEditor (106)
[2017.07.10-17.18.04:528][498]LogModuleManager: Shutting down and abandoning module ContentBrowser (105)
[2017.07.10-17.18.04:529][498]LogModuleManager: Shutting down and abandoning module Paper2DEditor (104)
[2017.07.10-17.18.04:529][498]LogModuleManager: Shutting down and abandoning module UdpMessaging (103)
[2017.07.10-17.18.04:630][498]LogModuleManager: Shutting down and abandoning module TcpMessaging (102)
[2017.07.10-17.18.04:731][498]LogModuleManager: Shutting down and abandoning module LightPropagationVolumeRuntime (101)
[2017.07.10-17.18.04:731][498]LogModuleManager: Shutting down and abandoning module Paper2D (100)
[2017.07.10-17.18.04:731][498]LogModuleManager: Shutting down and abandoning module WindowsMoviePlayer (99)
[2017.07.10-17.18.04:731][498]LogModuleManager: Shutting down and abandoning module WmfMedia (98)
[2017.07.10-17.18.04:731][498]LogModuleManager: Shutting down and abandoning module MediaAssets (97)
[2017.07.10-17.18.04:731][498]LogModuleManager: Shutting down and abandoning module GameLiveStreaming (96)
[2017.07.10-17.18.04:731][498]LogModuleManager: Shutting down and abandoning module GameplayTagsEditor (95)
[2017.07.10-17.18.04:731][498]LogModuleManager: Shutting down and abandoning module VREditor (94)
[2017.07.10-17.18.04:731][498]LogModuleManager: Shutting down and abandoning module GameplayTasksEditor (93)
[2017.07.10-17.18.04:731][498]LogModuleManager: Shutting down and abandoning module BehaviorTreeEditor (92)
[2017.07.10-17.18.04:731][498]LogModuleManager: Shutting down and abandoning module FunctionalTesting (91)
[2017.07.10-17.18.04:731][498]LogModuleManager: Shutting down and abandoning module CollisionAnalyzer (90)
[2017.07.10-17.18.04:731][498]LogModuleManager: Shutting down and abandoning module Sequencer (89)
[2017.07.10-17.18.04:731][498]LogModuleManager: Shutting down and abandoning module WorkspaceMenuStructure (88)
[2017.07.10-17.18.04:731][498]LogModuleManager: Shutting down and abandoning module MessageLog (87)
[2017.07.10-17.18.04:731][498]LogModuleManager: Shutting down and abandoning module AssetTools (86)
[2017.07.10-17.18.04:731][498]LogModuleManager: Shutting down and abandoning module UMGEditor (85)
[2017.07.10-17.18.04:731][498]LogModuleManager: Shutting down and abandoning module UMG (84)
[2017.07.10-17.18.04:731][498]LogModuleManager: Shutting down and abandoning module SlateReflector (83)
[2017.07.10-17.18.04:731][498]LogModuleManager: Shutting down and abandoning module Slate (82)
[2017.07.10-17.18.04:731][498]LogModuleManager: Shutting down and abandoning module EditorStyle (81)
[2017.07.10-17.18.04:734][498]LogModuleManager: Shutting down and abandoning module SourceCodeAccess (80)
[2017.07.10-17.18.04:734][498]LogModuleManager: Shutting down and abandoning module HeadMountedDisplay (79)
[2017.07.10-17.18.04:734][498]LogModuleManager: Shutting down and abandoning module XAudio2 (78)
[2017.07.10-17.18.04:734][498]LogModuleManager: Shutting down and abandoning module Networking (76)
[2017.07.10-17.18.04:734][498]LogModuleManager: Shutting down and abandoning module Core (75)
[2017.07.10-17.18.04:734][498]LogModuleManager: Shutting down and abandoning module DirectoryWatcher (74)
[2017.07.10-17.18.04:734][498]LogDirectoryWatcher: A directory notification for '../../../Engine/Content/' was aborted.
[2017.07.10-17.18.04:734][498]LogDirectoryWatcher: A directory notification for 'D:/New folder/Project_Beta1/Content/' was aborted.
[2017.07.10-17.18.04:734][498]LogDirectoryWatcher: A directory notification for '../../../Engine/Plugins/2D/Paper2D/Content/' was aborted.
[2017.07.10-17.18.04:734][498]LogModuleManager: Shutting down and abandoning module AssetRegistry (73)
[2017.07.10-17.18.04:843][498]LogModuleManager: Shutting down and abandoning module KismetCompiler (72)
[2017.07.10-17.18.04:843][498]LogModuleManager: Shutting down and abandoning module PhysXFormats (71)
[2017.07.10-17.18.04:844][498]LogModuleManager: Shutting down and abandoning module SimplygonSwarm (70)
[2017.07.10-17.18.04:844][498]LogModuleManager: Shutting down and abandoning module SimplygonMeshReduction (69)
[2017.07.10-17.18.04:844][498]LogModuleManager: Shutting down and abandoning module QuadricMeshReduction (68)
[2017.07.10-17.18.04:844][498]LogModuleManager: Shutting down and abandoning module PropertyEditor (67)
[2017.07.10-17.18.04:844][498]LogModuleManager: Shutting down and abandoning module MeshUtilities (66)
[2017.07.10-17.18.04:844][498]LogModuleManager: Shutting down and abandoning module DerivedDataCache (65)
[2017.07.10-17.18.04:914][498]LogDerivedDataCache: Shutdown
[2017.07.10-17.18.04:914][498]LogModuleManager: Shutting down and abandoning module VulkanShaderFormat (64)
[2017.07.10-17.18.04:914][498]LogModuleManager: Shutting down and abandoning module ShaderFormatOpenGL (63)
[2017.07.10-17.18.04:914][498]LogModuleManager: Shutting down and abandoning module ShaderFormatD3D (62)
[2017.07.10-17.18.04:914][498]LogModuleManager: Shutting down and abandoning module MetalShaderFormat (61)
[2017.07.10-17.18.04:914][498]LogModuleManager: Shutting down and abandoning module TextureFormatUncompressed (60)
[2017.07.10-17.18.04:914][498]LogModuleManager: Shutting down and abandoning module TextureFormatPVR (59)
[2017.07.10-17.18.04:914][498]LogModuleManager: Shutting down and abandoning module TextureFormatDXT (58)
[2017.07.10-17.18.04:914][498]LogModuleManager: Shutting down and abandoning module TextureFormatIntelISPCTexComp (57)
[2017.07.10-17.18.04:914][498]LogModuleManager: Shutting down and abandoning module ImageWrapper (56)
[2017.07.10-17.18.04:914][498]LogModuleManager: Shutting down and abandoning module TextureFormatASTC (55)
[2017.07.10-17.18.04:914][498]LogModuleManager: Shutting down and abandoning module TextureFormatAndroid (54)
[2017.07.10-17.18.04:914][498]LogModuleManager: Shutting down and abandoning module AudioFormatOpus (53)
[2017.07.10-17.18.04:914][498]LogModuleManager: Shutting down and abandoning module AudioFormatOgg (52)
[2017.07.10-17.18.04:914][498]LogModuleManager: Shutting down and abandoning module AudioFormatADPCM (51)
[2017.07.10-17.18.04:914][498]LogModuleManager: Shutting down and abandoning module LinuxTargetPlatform (50)
[2017.07.10-17.18.04:914][498]LogModuleManager: Shutting down and abandoning module LinuxServerTargetPlatform (49)
[2017.07.10-17.18.04:914][498]LogModuleManager: Shutting down and abandoning module LinuxNoEditorTargetPlatform (48)
[2017.07.10-17.18.04:914][498]LogModuleManager: Shutting down and abandoning module LinuxClientTargetPlatform (47)
[2017.07.10-17.18.04:914][498]LogModuleManager: Shutting down and abandoning module TVOSTargetPlatform (46)
[2017.07.10-17.18.04:914][498]LogModuleManager: Shutting down and abandoning module Messaging (45)
[2017.07.10-17.18.04:914][498]LogModuleManager: Shutting down and abandoning module IOSTargetPlatform (44)
[2017.07.10-17.18.04:914][498]LogModuleManager: Shutting down and abandoning module HTML5TargetPlatform (43)
[2017.07.10-17.18.04:914][498]LogModuleManager: Shutting down and abandoning module Android_PVRTCTargetPlatform (42)
[2017.07.10-17.18.04:914][498]LogModuleManager: Shutting down and abandoning module Android_MultiTargetPlatform (41)
[2017.07.10-17.18.04:914][498]LogModuleManager: Shutting down and abandoning module Android_ETC2TargetPlatform (40)
[2017.07.10-17.18.04:914][498]LogModuleManager: Shutting down and abandoning module Android_ETC1TargetPlatform (39)
[2017.07.10-17.18.04:914][498]LogModuleManager: Shutting down and abandoning module Android_DXTTargetPlatform (38)
[2017.07.10-17.18.04:914][498]LogModuleManager: Shutting down and abandoning module Android_ATCTargetPlatform (37)
[2017.07.10-17.18.04:914][498]LogModuleManager: Shutting down and abandoning module Android_ASTCTargetPlatform (36)
[2017.07.10-17.18.04:914][498]LogModuleManager: Shutting down and abandoning module AndroidTargetPlatform (35)
[2017.07.10-17.18.04:914][498]LogModuleManager: Shutting down and abandoning module WindowsTargetPlatform (34)
[2017.07.10-17.18.04:914][498]LogModuleManager: Shutting down and abandoning module WindowsServerTargetPlatform (33)
[2017.07.10-17.18.04:914][498]LogModuleManager: Shutting down and abandoning module WindowsNoEditorTargetPlatform (32)
[2017.07.10-17.18.04:914][498]LogModuleManager: Shutting down and abandoning module WindowsClientTargetPlatform (31)
[2017.07.10-17.18.04:914][498]LogModuleManager: Shutting down and abandoning module MacTargetPlatform (30)
[2017.07.10-17.18.04:915][498]LogModuleManager: Shutting down and abandoning module MacServerTargetPlatform (29)
[2017.07.10-17.18.04:915][498]LogModuleManager: Shutting down and abandoning module MacNoEditorTargetPlatform (28)
[2017.07.10-17.18.04:915][498]LogModuleManager: Shutting down and abandoning module MacClientTargetPlatform (27)
[2017.07.10-17.18.04:915][498]LogModuleManager: Shutting down and abandoning module AllDesktopTargetPlatform (26)
[2017.07.10-17.18.04:915][498]LogModuleManager: Shutting down and abandoning module TargetPlatform (25)
[2017.07.10-17.18.04:915][498]LogModuleManager: Shutting down and abandoning module InputCore (24)
[2017.07.10-17.18.04:915][498]LogModuleManager: Shutting down and abandoning module Settings (23)
[2017.07.10-17.18.04:915][498]LogModuleManager: Shutting down and abandoning module OculusRift (22)
[2017.07.10-17.18.04:915][498]LogModuleManager: Shutting down and abandoning module ExampleDeviceProfileSelector (21)
[2017.07.10-17.18.04:915][498]LogModuleManager: Shutting down and abandoning module OnlineBlueprintSupport (20)
[2017.07.10-17.18.04:915][498]LogModuleManager: Shutting down and abandoning module OnlineSubsystem (18)
[2017.07.10-17.18.04:915][498]LogOnline:Display: Unloading online subsystem: NULL
[2017.07.10-17.18.04:915][498]LogModuleManager: Shutting down and abandoning module SSL (17)
[2017.07.10-17.18.04:916][498]LogModuleManager: Shutting down and abandoning module HTTP (16)
[2017.07.10-17.18.04:916][498]LogModuleManager: Shutting down and abandoning module XMPP (15)
[2017.07.10-17.18.04:916][498]LogModuleManager: Shutting down and abandoning module TextureCompressor (14)
[2017.07.10-17.18.04:916][498]LogModuleManager: Shutting down and abandoning module ShaderCore (13)
[2017.07.10-17.18.04:916][498]LogModuleManager: Shutting down and abandoning module Landscape (12)
[2017.07.10-17.18.04:916][498]LogModuleManager: Shutting down and abandoning module SlateRHIRenderer (11)
[2017.07.10-17.18.04:916][498]LogModuleManager: Shutting down and abandoning module OpenGLDrv (10)
[2017.07.10-17.18.04:917][498]LogModuleManager: Shutting down and abandoning module D3D11RHI (9)
[2017.07.10-17.18.04:917][498]LogModuleManager: Shutting down and abandoning module AnimGraphRuntime (8)
[2017.07.10-17.18.04:917][498]LogModuleManager: Shutting down and abandoning module Renderer (7)
[2017.07.10-17.18.04:917][498]LogModuleManager: Shutting down and abandoning module Engine (6)
[2017.07.10-17.18.04:917][498]LogModuleManager: Shutting down and abandoning module CoreUObject (5)
[2017.07.10-17.18.04:917][498]LogModuleManager: Shutting down and abandoning module NetworkFile (4)
[2017.07.10-17.18.04:917][498]LogModuleManager: Shutting down and abandoning module StreamingFile (3)
[2017.07.10-17.18.04:917][498]LogModuleManager: Shutting down and abandoning module SandboxFile (2)
[2017.07.10-17.18.04:917][498]LogModuleManager: Shutting down and abandoning module PakFile (1)
[2017.07.10-17.18.04:918][498]LogExit: Exiting.
[2017.07.10-17.18.04:930][498]Log file closed, 07/10/17 13:18:04
